This is pdfTeX, Version 3.141592653-2.6-1.40.23 (MiKTeX 21.8) (preloaded format=pdflatex 2021.11.19)  8 FEB 2024 01:11
entering extended mode
**./Lec2_IITR_Presentation.tex
(Lec2_IITR_Presentation.tex
LaTeX2e <2021-06-01> patch level 1
L3 programming layer <2021-08-27>
(C:\Users\267592e\AppData\Local\Programs\MiKTeX\tex/latex/beamer\beamer.cls
Document Class: beamer 2021/10/18 v3.64 A class for typesetting presentations

(C:\Users\267592e\AppData\Local\Programs\MiKTeX\tex/latex/beamer\beamerbasemode
s.sty
(C:\Users\267592e\AppData\Local\Programs\MiKTeX\tex/latex/etoolbox\etoolbox.sty
Package: etoolbox 2020/10/05 v2.5k e-TeX tools for LaTeX (JAW)
\etb@tempcnta=\count182
)
\beamer@tempbox=\box50
\beamer@tempcount=\count183
\c@beamerpauses=\count184

(C:\Users\267592e\AppData\Local\Programs\MiKTeX\tex/latex/beamer\beamerbasedeco
de.sty
\beamer@slideinframe=\count185
\beamer@minimum=\count186
\beamer@decode@box=\box51
)
\beamer@commentbox=\box52
\beamer@modecount=\count187
)
(C:\Users\267592e\AppData\Local\Programs\MiKTeX\tex/generic/iftex\ifpdf.sty
Package: ifpdf 2019/10/25 v3.4 ifpdf legacy package. Use iftex instead.

(C:\Users\267592e\AppData\Local\Programs\MiKTeX\tex/generic/iftex\iftex.sty
Package: iftex 2020/03/06 v1.0d TeX engine tests
))
\headdp=\dimen138
\footheight=\dimen139
\sidebarheight=\dimen140
\beamer@tempdim=\dimen141
\beamer@finalheight=\dimen142
\beamer@animht=\dimen143
\beamer@animdp=\dimen144
\beamer@animwd=\dimen145
\beamer@leftmargin=\dimen146
\beamer@rightmargin=\dimen147
\beamer@leftsidebar=\dimen148
\beamer@rightsidebar=\dimen149
\beamer@boxsize=\dimen150
\beamer@vboxoffset=\dimen151
\beamer@descdefault=\dimen152
\beamer@descriptionwidth=\dimen153
\beamer@lastskip=\skip47
\beamer@areabox=\box53
\beamer@animcurrent=\box54
\beamer@animshowbox=\box55
\beamer@sectionbox=\box56
\beamer@logobox=\box57
\beamer@linebox=\box58
\beamer@sectioncount=\count188
\beamer@subsubsectionmax=\count189
\beamer@subsectionmax=\count190
\beamer@sectionmax=\count191
\beamer@totalheads=\count192
\beamer@headcounter=\count193
\beamer@partstartpage=\count194
\beamer@sectionstartpage=\count195
\beamer@subsectionstartpage=\count196
\beamer@animationtempa=\count197
\beamer@animationtempb=\count198
\beamer@xpos=\count199
\beamer@ypos=\count266
\beamer@ypos@offset=\count267
\beamer@showpartnumber=\count268
\beamer@currentsubsection=\count269
\beamer@coveringdepth=\count270
\beamer@sectionadjust=\count271
\beamer@toclastsection=\count272
\beamer@tocsectionnumber=\count273

(C:\Users\267592e\AppData\Local\Programs\MiKTeX\tex/latex/beamer\beamerbaseopti
ons.sty
(C:\Users\267592e\AppData\Local\Programs\MiKTeX\tex/latex/graphics\keyval.sty
Package: keyval 2014/10/28 v1.15 key=value parser (DPC)
\KV@toks@=\toks16
))
\beamer@paperwidth=\skip48
\beamer@paperheight=\skip49

(C:\Users\267592e\AppData\Local\Programs\MiKTeX\tex/latex/geometry\geometry.sty
Package: geometry 2020/01/02 v5.9 Page Geometry
(C:\Users\267592e\AppData\Local\Programs\MiKTeX\tex/generic/iftex\ifvtex.sty
Package: ifvtex 2019/10/25 v1.7 ifvtex legacy package. Use iftex instead.
)
\Gm@cnth=\count274
\Gm@cntv=\count275
\c@Gm@tempcnt=\count276
\Gm@bindingoffset=\dimen154
\Gm@wd@mp=\dimen155
\Gm@odd@mp=\dimen156
\Gm@even@mp=\dimen157
\Gm@layoutwidth=\dimen158
\Gm@layoutheight=\dimen159
\Gm@layouthoffset=\dimen160
\Gm@layoutvoffset=\dimen161
\Gm@dimlist=\toks17

(C:\Users\267592e\AppData\Local\Programs\MiKTeX\tex/latex/geometry\geometry.cfg
)) (C:\Users\267592e\AppData\Local\Programs\MiKTeX\tex/latex/base\size11.clo
File: size11.clo 2021/02/12 v1.4n Standard LaTeX file (size option)
)
(C:\Users\267592e\AppData\Local\Programs\MiKTeX\tex/latex/pgf/basiclayer\pgfcor
e.sty
(C:\Users\267592e\AppData\Local\Programs\MiKTeX\tex/latex/graphics\graphicx.sty
Package: graphicx 2020/12/05 v1.2c Enhanced LaTeX Graphics (DPC,SPQR)

(C:\Users\267592e\AppData\Local\Programs\MiKTeX\tex/latex/graphics\graphics.sty
Package: graphics 2021/03/04 v1.4d Standard LaTeX Graphics (DPC,SPQR)
(C:\Users\267592e\AppData\Local\Programs\MiKTeX\tex/latex/graphics\trig.sty
Package: trig 2016/01/03 v1.10 sin cos tan (DPC)
)
(C:\Users\267592e\AppData\Local\Programs\MiKTeX\tex/latex/graphics-cfg\graphics
.cfg
File: graphics.cfg 2016/06/04 v1.11 sample graphics configuration
)
Package graphics Info: Driver file: pdftex.def on input line 107.

(C:\Users\267592e\AppData\Local\Programs\MiKTeX\tex/latex/graphics-def\pdftex.d
ef
File: pdftex.def 2020/10/05 v1.2a Graphics/color driver for pdftex
))
\Gin@req@height=\dimen162
\Gin@req@width=\dimen163
)
(C:\Users\267592e\AppData\Local\Programs\MiKTeX\tex/latex/pgf/systemlayer\pgfsy
s.sty
(C:\Users\267592e\AppData\Local\Programs\MiKTeX\tex/latex/pgf/utilities\pgfrcs.
sty
(C:\Users\267592e\AppData\Local\Programs\MiKTeX\tex/generic/pgf/utilities\pgfut
il-common.tex
\pgfutil@everybye=\toks18
\pgfutil@tempdima=\dimen164
\pgfutil@tempdimb=\dimen165

(C:\Users\267592e\AppData\Local\Programs\MiKTeX\tex/generic/pgf/utilities\pgfut
il-common-lists.tex))
(C:\Users\267592e\AppData\Local\Programs\MiKTeX\tex/generic/pgf/utilities\pgfut
il-latex.def
\pgfutil@abb=\box59
)
(C:\Users\267592e\AppData\Local\Programs\MiKTeX\tex/generic/pgf/utilities\pgfrc
s.code.tex
(C:\Users\267592e\AppData\Local\Programs\MiKTeX\tex/generic/pgf\pgf.revision.te
x)
Package: pgfrcs 2021/05/15 v3.1.9a (3.1.9a)
))
(C:\Users\267592e\AppData\Local\Programs\MiKTeX\tex/generic/pgf/systemlayer\pgf
sys.code.tex
Package: pgfsys 2021/05/15 v3.1.9a (3.1.9a)

(C:\Users\267592e\AppData\Local\Programs\MiKTeX\tex/generic/pgf/utilities\pgfke
ys.code.tex
\pgfkeys@pathtoks=\toks19
\pgfkeys@temptoks=\toks20

(C:\Users\267592e\AppData\Local\Programs\MiKTeX\tex/generic/pgf/utilities\pgfke
ysfiltered.code.tex
\pgfkeys@tmptoks=\toks21
))
\pgf@x=\dimen166
\pgf@y=\dimen167
\pgf@xa=\dimen168
\pgf@ya=\dimen169
\pgf@xb=\dimen170
\pgf@yb=\dimen171
\pgf@xc=\dimen172
\pgf@yc=\dimen173
\pgf@xd=\dimen174
\pgf@yd=\dimen175
\w@pgf@writea=\write3
\r@pgf@reada=\read2
\c@pgf@counta=\count277
\c@pgf@countb=\count278
\c@pgf@countc=\count279
\c@pgf@countd=\count280
\t@pgf@toka=\toks22
\t@pgf@tokb=\toks23
\t@pgf@tokc=\toks24
\pgf@sys@id@count=\count281

(C:\Users\267592e\AppData\Local\Programs\MiKTeX\tex/generic/pgf/systemlayer\pgf
.cfg
File: pgf.cfg 2021/05/15 v3.1.9a (3.1.9a)
)
Driver file for pgf: pgfsys-pdftex.def

(C:\Users\267592e\AppData\Local\Programs\MiKTeX\tex/generic/pgf/systemlayer\pgf
sys-pdftex.def
File: pgfsys-pdftex.def 2021/05/15 v3.1.9a (3.1.9a)

(C:\Users\267592e\AppData\Local\Programs\MiKTeX\tex/generic/pgf/systemlayer\pgf
sys-common-pdf.def
File: pgfsys-common-pdf.def 2021/05/15 v3.1.9a (3.1.9a)
)))
(C:\Users\267592e\AppData\Local\Programs\MiKTeX\tex/generic/pgf/systemlayer\pgf
syssoftpath.code.tex
File: pgfsyssoftpath.code.tex 2021/05/15 v3.1.9a (3.1.9a)
\pgfsyssoftpath@smallbuffer@items=\count282
\pgfsyssoftpath@bigbuffer@items=\count283
)
(C:\Users\267592e\AppData\Local\Programs\MiKTeX\tex/generic/pgf/systemlayer\pgf
sysprotocol.code.tex
File: pgfsysprotocol.code.tex 2021/05/15 v3.1.9a (3.1.9a)
))
(C:\Users\267592e\AppData\Local\Programs\MiKTeX\tex/latex/xcolor\xcolor.sty
Package: xcolor 2016/05/11 v2.12 LaTeX color extensions (UK)

(C:\Users\267592e\AppData\Local\Programs\MiKTeX\tex/latex/graphics-cfg\color.cf
g
File: color.cfg 2016/01/02 v1.6 sample color configuration
)
Package xcolor Info: Driver file: pdftex.def on input line 225.
Package xcolor Info: Model `cmy' substituted by `cmy0' on input line 1348.
Package xcolor Info: Model `hsb' substituted by `rgb' on input line 1352.
Package xcolor Info: Model `RGB' extended on input line 1364.
Package xcolor Info: Model `HTML' substituted by `rgb' on input line 1366.
Package xcolor Info: Model `Hsb' substituted by `hsb' on input line 1367.
Package xcolor Info: Model `tHsb' substituted by `hsb' on input line 1368.
Package xcolor Info: Model `HSB' substituted by `hsb' on input line 1369.
Package xcolor Info: Model `Gray' substituted by `gray' on input line 1370.
Package xcolor Info: Model `wave' substituted by `hsb' on input line 1371.
)
(C:\Users\267592e\AppData\Local\Programs\MiKTeX\tex/generic/pgf/basiclayer\pgfc
ore.code.tex
Package: pgfcore 2021/05/15 v3.1.9a (3.1.9a)

(C:\Users\267592e\AppData\Local\Programs\MiKTeX\tex/generic/pgf/math\pgfmath.co
de.tex
(C:\Users\267592e\AppData\Local\Programs\MiKTeX\tex/generic/pgf/math\pgfmathcal
c.code.tex
(C:\Users\267592e\AppData\Local\Programs\MiKTeX\tex/generic/pgf/math\pgfmathuti
l.code.tex)
(C:\Users\267592e\AppData\Local\Programs\MiKTeX\tex/generic/pgf/math\pgfmathpar
ser.code.tex
\pgfmath@dimen=\dimen176
\pgfmath@count=\count284
\pgfmath@box=\box60
\pgfmath@toks=\toks25
\pgfmath@stack@operand=\toks26
\pgfmath@stack@operation=\toks27
)
(C:\Users\267592e\AppData\Local\Programs\MiKTeX\tex/generic/pgf/math\pgfmathfun
ctions.code.tex
(C:\Users\267592e\AppData\Local\Programs\MiKTeX\tex/generic/pgf/math\pgfmathfun
ctions.basic.code.tex)
(C:\Users\267592e\AppData\Local\Programs\MiKTeX\tex/generic/pgf/math\pgfmathfun
ctions.trigonometric.code.tex)
(C:\Users\267592e\AppData\Local\Programs\MiKTeX\tex/generic/pgf/math\pgfmathfun
ctions.random.code.tex)
(C:\Users\267592e\AppData\Local\Programs\MiKTeX\tex/generic/pgf/math\pgfmathfun
ctions.comparison.code.tex)
(C:\Users\267592e\AppData\Local\Programs\MiKTeX\tex/generic/pgf/math\pgfmathfun
ctions.base.code.tex)
(C:\Users\267592e\AppData\Local\Programs\MiKTeX\tex/generic/pgf/math\pgfmathfun
ctions.round.code.tex)
(C:\Users\267592e\AppData\Local\Programs\MiKTeX\tex/generic/pgf/math\pgfmathfun
ctions.misc.code.tex)
(C:\Users\267592e\AppData\Local\Programs\MiKTeX\tex/generic/pgf/math\pgfmathfun
ctions.integerarithmetics.code.tex)))
(C:\Users\267592e\AppData\Local\Programs\MiKTeX\tex/generic/pgf/math\pgfmathflo
at.code.tex
\c@pgfmathroundto@lastzeros=\count285
))
(C:\Users\267592e\AppData\Local\Programs\MiKTeX\tex/generic/pgf/math\pgfint.cod
e.tex)
(C:\Users\267592e\AppData\Local\Programs\MiKTeX\tex/generic/pgf/basiclayer\pgfc
orepoints.code.tex
File: pgfcorepoints.code.tex 2021/05/15 v3.1.9a (3.1.9a)
\pgf@picminx=\dimen177
\pgf@picmaxx=\dimen178
\pgf@picminy=\dimen179
\pgf@picmaxy=\dimen180
\pgf@pathminx=\dimen181
\pgf@pathmaxx=\dimen182
\pgf@pathminy=\dimen183
\pgf@pathmaxy=\dimen184
\pgf@xx=\dimen185
\pgf@xy=\dimen186
\pgf@yx=\dimen187
\pgf@yy=\dimen188
\pgf@zx=\dimen189
\pgf@zy=\dimen190
)
(C:\Users\267592e\AppData\Local\Programs\MiKTeX\tex/generic/pgf/basiclayer\pgfc
orepathconstruct.code.tex
File: pgfcorepathconstruct.code.tex 2021/05/15 v3.1.9a (3.1.9a)
\pgf@path@lastx=\dimen191
\pgf@path@lasty=\dimen192
)
(C:\Users\267592e\AppData\Local\Programs\MiKTeX\tex/generic/pgf/basiclayer\pgfc
orepathusage.code.tex
File: pgfcorepathusage.code.tex 2021/05/15 v3.1.9a (3.1.9a)
\pgf@shorten@end@additional=\dimen193
\pgf@shorten@start@additional=\dimen194
)
(C:\Users\267592e\AppData\Local\Programs\MiKTeX\tex/generic/pgf/basiclayer\pgfc
orescopes.code.tex
File: pgfcorescopes.code.tex 2021/05/15 v3.1.9a (3.1.9a)
\pgfpic=\box61
\pgf@hbox=\box62
\pgf@layerbox@main=\box63
\pgf@picture@serial@count=\count286
)
(C:\Users\267592e\AppData\Local\Programs\MiKTeX\tex/generic/pgf/basiclayer\pgfc
oregraphicstate.code.tex
File: pgfcoregraphicstate.code.tex 2021/05/15 v3.1.9a (3.1.9a)
\pgflinewidth=\dimen195
)
(C:\Users\267592e\AppData\Local\Programs\MiKTeX\tex/generic/pgf/basiclayer\pgfc
oretransformations.code.tex
File: pgfcoretransformations.code.tex 2021/05/15 v3.1.9a (3.1.9a)
\pgf@pt@x=\dimen196
\pgf@pt@y=\dimen197
\pgf@pt@temp=\dimen198
)
(C:\Users\267592e\AppData\Local\Programs\MiKTeX\tex/generic/pgf/basiclayer\pgfc
orequick.code.tex
File: pgfcorequick.code.tex 2021/05/15 v3.1.9a (3.1.9a)
)
(C:\Users\267592e\AppData\Local\Programs\MiKTeX\tex/generic/pgf/basiclayer\pgfc
oreobjects.code.tex
File: pgfcoreobjects.code.tex 2021/05/15 v3.1.9a (3.1.9a)
)
(C:\Users\267592e\AppData\Local\Programs\MiKTeX\tex/generic/pgf/basiclayer\pgfc
orepathprocessing.code.tex
File: pgfcorepathprocessing.code.tex 2021/05/15 v3.1.9a (3.1.9a)
)
(C:\Users\267592e\AppData\Local\Programs\MiKTeX\tex/generic/pgf/basiclayer\pgfc
orearrows.code.tex
File: pgfcorearrows.code.tex 2021/05/15 v3.1.9a (3.1.9a)
\pgfarrowsep=\dimen199
)
(C:\Users\267592e\AppData\Local\Programs\MiKTeX\tex/generic/pgf/basiclayer\pgfc
oreshade.code.tex
File: pgfcoreshade.code.tex 2021/05/15 v3.1.9a (3.1.9a)
\pgf@max=\dimen256
\pgf@sys@shading@range@num=\count287
\pgf@shadingcount=\count288
)
(C:\Users\267592e\AppData\Local\Programs\MiKTeX\tex/generic/pgf/basiclayer\pgfc
oreimage.code.tex
File: pgfcoreimage.code.tex 2021/05/15 v3.1.9a (3.1.9a)

(C:\Users\267592e\AppData\Local\Programs\MiKTeX\tex/generic/pgf/basiclayer\pgfc
oreexternal.code.tex
File: pgfcoreexternal.code.tex 2021/05/15 v3.1.9a (3.1.9a)
\pgfexternal@startupbox=\box64
))
(C:\Users\267592e\AppData\Local\Programs\MiKTeX\tex/generic/pgf/basiclayer\pgfc
orelayers.code.tex
File: pgfcorelayers.code.tex 2021/05/15 v3.1.9a (3.1.9a)
)
(C:\Users\267592e\AppData\Local\Programs\MiKTeX\tex/generic/pgf/basiclayer\pgfc
oretransparency.code.tex
File: pgfcoretransparency.code.tex 2021/05/15 v3.1.9a (3.1.9a)
)
(C:\Users\267592e\AppData\Local\Programs\MiKTeX\tex/generic/pgf/basiclayer\pgfc
orepatterns.code.tex
File: pgfcorepatterns.code.tex 2021/05/15 v3.1.9a (3.1.9a)
)
(C:\Users\267592e\AppData\Local\Programs\MiKTeX\tex/generic/pgf/basiclayer\pgfc
orerdf.code.tex
File: pgfcorerdf.code.tex 2021/05/15 v3.1.9a (3.1.9a)
)))
(C:\Users\267592e\AppData\Local\Programs\MiKTeX\tex/latex/pgf/utilities\xxcolor
.sty
Package: xxcolor 2003/10/24 ver 0.1
\XC@nummixins=\count289
\XC@countmixins=\count290
)
(C:\Users\267592e\AppData\Local\Programs\MiKTeX\tex/latex/base\atbegshi-ltx.sty
Package: atbegshi-ltx 2021/01/10 v1.0c Emulation of the original atbegshi
package with kernel methods
)
(C:\Users\267592e\AppData\Local\Programs\MiKTeX\tex/latex/hyperref\hyperref.sty
Package: hyperref 2021-06-07 v7.00m Hypertext links for LaTeX

(C:\Users\267592e\AppData\Local\Programs\MiKTeX\tex/generic/ltxcmds\ltxcmds.sty
Package: ltxcmds 2020-05-10 v1.25 LaTeX kernel commands for general use (HO)
)
(C:\Users\267592e\AppData\Local\Programs\MiKTeX\tex/generic/pdftexcmds\pdftexcm
ds.sty
Package: pdftexcmds 2020-06-27 v0.33 Utility functions of pdfTeX for LuaTeX (HO
)

(C:\Users\267592e\AppData\Local\Programs\MiKTeX\tex/generic/infwarerr\infwarerr
.sty
Package: infwarerr 2019/12/03 v1.5 Providing info/warning/error messages (HO)
)
Package pdftexcmds Info: \pdf@primitive is available.
Package pdftexcmds Info: \pdf@ifprimitive is available.
Package pdftexcmds Info: \pdfdraftmode found.
)
(C:\Users\267592e\AppData\Local\Programs\MiKTeX\tex/generic/kvsetkeys\kvsetkeys
.sty
Package: kvsetkeys 2019/12/15 v1.18 Key value parser (HO)
)
(C:\Users\267592e\AppData\Local\Programs\MiKTeX\tex/generic/kvdefinekeys\kvdefi
nekeys.sty
Package: kvdefinekeys 2019-12-19 v1.6 Define keys (HO)
)
(C:\Users\267592e\AppData\Local\Programs\MiKTeX\tex/generic/pdfescape\pdfescape
.sty
Package: pdfescape 2019/12/09 v1.15 Implements pdfTeX's escape features (HO)
)
(C:\Users\267592e\AppData\Local\Programs\MiKTeX\tex/latex/hycolor\hycolor.sty
Package: hycolor 2020-01-27 v1.10 Color options for hyperref/bookmark (HO)
)
(C:\Users\267592e\AppData\Local\Programs\MiKTeX\tex/latex/letltxmacro\letltxmac
ro.sty
Package: letltxmacro 2019/12/03 v1.6 Let assignment for LaTeX macros (HO)
)
(C:\Users\267592e\AppData\Local\Programs\MiKTeX\tex/latex/auxhook\auxhook.sty
Package: auxhook 2019-12-17 v1.6 Hooks for auxiliary files (HO)
)
(C:\Users\267592e\AppData\Local\Programs\MiKTeX\tex/latex/kvoptions\kvoptions.s
ty
Package: kvoptions 2020-10-07 v3.14 Key value format for package options (HO)
)
\@linkdim=\dimen257
\Hy@linkcounter=\count291
\Hy@pagecounter=\count292

(C:\Users\267592e\AppData\Local\Programs\MiKTeX\tex/latex/hyperref\pd1enc.def
File: pd1enc.def 2021-06-07 v7.00m Hyperref: PDFDocEncoding definition (HO)
Now handling font encoding PD1 ...
... no UTF-8 mapping file for font encoding PD1
)
(C:\Users\267592e\AppData\Local\Programs\MiKTeX\tex/latex/hyperref\hyperref-lan
gpatches.def
File: hyperref-langpatches.def 2021-06-07 v7.00m Hyperref: patches for babel la
nguages
)
(C:\Users\267592e\AppData\Local\Programs\MiKTeX\tex/generic/intcalc\intcalc.sty
Package: intcalc 2019/12/15 v1.3 Expandable calculations with integers (HO)
)
(C:\Users\267592e\AppData\Local\Programs\MiKTeX\tex/generic/etexcmds\etexcmds.s
ty
Package: etexcmds 2019/12/15 v1.7 Avoid name clashes with e-TeX commands (HO)
)
\Hy@SavedSpaceFactor=\count293

(C:\Users\267592e\AppData\Local\Programs\MiKTeX\tex/latex/hyperref\puenc.def
File: puenc.def 2021-06-07 v7.00m Hyperref: PDF Unicode definition (HO)
Now handling font encoding PU ...
... no UTF-8 mapping file for font encoding PU
)
Package hyperref Info: Option `bookmarks' set `true' on input line 4073.
Package hyperref Info: Option `bookmarksopen' set `true' on input line 4073.
Package hyperref Info: Option `implicit' set `false' on input line 4073.
Package hyperref Info: Hyper figures OFF on input line 4192.
Package hyperref Info: Link nesting OFF on input line 4197.
Package hyperref Info: Hyper index ON on input line 4200.
Package hyperref Info: Plain pages OFF on input line 4207.
Package hyperref Info: Backreferencing OFF on input line 4212.
Package hyperref Info: Implicit mode OFF; no redefinition of LaTeX internals.
Package hyperref Info: Bookmarks ON on input line 4445.
\c@Hy@tempcnt=\count294

(C:\Users\267592e\AppData\Local\Programs\MiKTeX\tex/latex/url\url.sty
\Urlmuskip=\muskip16
Package: url 2013/09/16  ver 3.4  Verb mode for urls, etc.
)
LaTeX Info: Redefining \url on input line 4804.
\XeTeXLinkMargin=\dimen258

(C:\Users\267592e\AppData\Local\Programs\MiKTeX\tex/generic/bitset\bitset.sty
Package: bitset 2019/12/09 v1.3 Handle bit-vector datatype (HO)

(C:\Users\267592e\AppData\Local\Programs\MiKTeX\tex/generic/bigintcalc\bigintca
lc.sty
Package: bigintcalc 2019/12/15 v1.5 Expandable calculations on big integers (HO
)
))
\Fld@menulength=\count295
\Field@Width=\dimen259
\Fld@charsize=\dimen260
Package hyperref Info: Hyper figures OFF on input line 6076.
Package hyperref Info: Link nesting OFF on input line 6081.
Package hyperref Info: Hyper index ON on input line 6084.
Package hyperref Info: backreferencing OFF on input line 6091.
Package hyperref Info: Link coloring OFF on input line 6096.
Package hyperref Info: Link coloring with OCG OFF on input line 6101.
Package hyperref Info: PDF/A mode OFF on input line 6106.
LaTeX Info: Redefining \ref on input line 6146.
LaTeX Info: Redefining \pageref on input line 6150.
\Hy@abspage=\count296


Package hyperref Message: Stopped early.

)
Package hyperref Info: Driver (autodetected): hpdftex.

(C:\Users\267592e\AppData\Local\Programs\MiKTeX\tex/latex/hyperref\hpdftex.def
File: hpdftex.def 2021-06-07 v7.00m Hyperref driver for pdfTeX

(C:\Users\267592e\AppData\Local\Programs\MiKTeX\tex/latex/base\atveryend-ltx.st
y
Package: atveryend-ltx 2020/08/19 v1.0a Emulation of the original atvery packag
e
with kernel methods
)
\Fld@listcount=\count297
\c@bookmark@seq@number=\count298

(C:\Users\267592e\AppData\Local\Programs\MiKTeX\tex/latex/rerunfilecheck\rerunf
ilecheck.sty
Package: rerunfilecheck 2019/12/05 v1.9 Rerun checks for auxiliary files (HO)

(C:\Users\267592e\AppData\Local\Programs\MiKTeX\tex/generic/uniquecounter\uniqu
ecounter.sty
Package: uniquecounter 2019/12/15 v1.4 Provide unlimited unique counter (HO)
)
Package uniquecounter Info: New unique counter `rerunfilecheck' on input line 2
86.
))
(C:\Users\267592e\AppData\Local\Programs\MiKTeX\tex/latex/beamer\beamerbaserequ
ires.sty
(C:\Users\267592e\AppData\Local\Programs\MiKTeX\tex/latex/beamer\beamerbasecomp
atibility.sty)
(C:\Users\267592e\AppData\Local\Programs\MiKTeX\tex/latex/beamer\beamerbasefont
.sty
(C:\Users\267592e\AppData\Local\Programs\MiKTeX\tex/latex/amsfonts\amssymb.sty
Package: amssymb 2013/01/14 v3.01 AMS font symbols

(C:\Users\267592e\AppData\Local\Programs\MiKTeX\tex/latex/amsfonts\amsfonts.sty
Package: amsfonts 2013/01/14 v3.01 Basic AMSFonts support
\@emptytoks=\toks28
\symAMSa=\mathgroup4
\symAMSb=\mathgroup5
LaTeX Font Info:    Redeclaring math symbol \hbar on input line 98.
LaTeX Font Info:    Overwriting math alphabet `\mathfrak' in version `bold'
(Font)                  U/euf/m/n --> U/euf/b/n on input line 106.
))
(C:\Users\267592e\AppData\Local\Programs\MiKTeX\tex/latex/sansmathaccent\sansma
thaccent.sty
Package: sansmathaccent 2020/01/31

(C:\Users\267592e\AppData\Local\Programs\MiKTeX\tex/latex/koma-script\scrlfile.
sty
Package: scrlfile 2021/11/13 v3.35 KOMA-Script package (file load hooks)

(C:\Users\267592e\AppData\Local\Programs\MiKTeX\tex/latex/koma-script\scrlfile-
hook-3.34.sty
Package: scrlfile-hook-3.34 2021/11/13 v3.35 KOMA-Script package (using LaTeX h
ooks)

(C:\Users\267592e\AppData\Local\Programs\MiKTeX\tex/latex/koma-script\scrlogo.s
ty
Package: scrlogo 2021/11/13 v3.35 KOMA-Script package (logo)
)))))
(C:\Users\267592e\AppData\Local\Programs\MiKTeX\tex/latex/beamer\beamerbasetran
slator.sty
(C:\Users\267592e\AppData\Local\Programs\MiKTeX\tex/latex/translator\translator
.sty
Package: translator 2021-05-31 v1.12d Easy translation of strings in LaTeX
))
(C:\Users\267592e\AppData\Local\Programs\MiKTeX\tex/latex/beamer\beamerbasemisc
.sty)
(C:\Users\267592e\AppData\Local\Programs\MiKTeX\tex/latex/beamer\beamerbasetwos
creens.sty)
(C:\Users\267592e\AppData\Local\Programs\MiKTeX\tex/latex/beamer\beamerbaseover
lay.sty
\beamer@argscount=\count299
\beamer@lastskipcover=\skip50
\beamer@trivlistdepth=\count300
)
(C:\Users\267592e\AppData\Local\Programs\MiKTeX\tex/latex/beamer\beamerbasetitl
e.sty)
(C:\Users\267592e\AppData\Local\Programs\MiKTeX\tex/latex/beamer\beamerbasesect
ion.sty
\c@lecture=\count301
\c@part=\count302
\c@section=\count303
\c@subsection=\count304
\c@subsubsection=\count305
)
(C:\Users\267592e\AppData\Local\Programs\MiKTeX\tex/latex/beamer\beamerbasefram
e.sty
\beamer@framebox=\box65
\beamer@frametitlebox=\box66
\beamer@zoombox=\box67
\beamer@zoomcount=\count306
\beamer@zoomframecount=\count307
\beamer@frametextheight=\dimen261
\c@subsectionslide=\count308
\beamer@frametopskip=\skip51
\beamer@framebottomskip=\skip52
\beamer@frametopskipautobreak=\skip53
\beamer@framebottomskipautobreak=\skip54
\beamer@envbody=\toks29
\framewidth=\dimen262
\c@framenumber=\count309
)
(C:\Users\267592e\AppData\Local\Programs\MiKTeX\tex/latex/beamer\beamerbaseverb
atim.sty
\beamer@verbatimfileout=\write4
)
(C:\Users\267592e\AppData\Local\Programs\MiKTeX\tex/latex/beamer\beamerbasefram
esize.sty
\beamer@splitbox=\box68
\beamer@autobreakcount=\count310
\beamer@autobreaklastheight=\dimen263
\beamer@frametitletoks=\toks30
\beamer@framesubtitletoks=\toks31
)
(C:\Users\267592e\AppData\Local\Programs\MiKTeX\tex/latex/beamer\beamerbasefram
ecomponents.sty
\beamer@footins=\box69
)
(C:\Users\267592e\AppData\Local\Programs\MiKTeX\tex/latex/beamer\beamerbasecolo
r.sty)
(C:\Users\267592e\AppData\Local\Programs\MiKTeX\tex/latex/beamer\beamerbasenote
s.sty
\beamer@frameboxcopy=\box70
)
(C:\Users\267592e\AppData\Local\Programs\MiKTeX\tex/latex/beamer\beamerbasetoc.
sty)
(C:\Users\267592e\AppData\Local\Programs\MiKTeX\tex/latex/beamer\beamerbasetemp
lates.sty
\beamer@sbttoks=\toks32

(C:\Users\267592e\AppData\Local\Programs\MiKTeX\tex/latex/beamer\beamerbaseauxt
emplates.sty
(C:\Users\267592e\AppData\Local\Programs\MiKTeX\tex/latex/beamer\beamerbaseboxe
s.sty
\bmb@box=\box71
\bmb@colorbox=\box72
\bmb@boxwidth=\dimen264
\bmb@boxheight=\dimen265
\bmb@prevheight=\dimen266
\bmb@temp=\dimen267
\bmb@dima=\dimen268
\bmb@dimb=\dimen269
\bmb@prevheight=\dimen270
)
\beamer@blockheadheight=\dimen271
))
(C:\Users\267592e\AppData\Local\Programs\MiKTeX\tex/latex/beamer\beamerbaseloca
lstructure.sty
(C:\Users\267592e\AppData\Local\Programs\MiKTeX\tex/latex/tools\enumerate.sty
Package: enumerate 2015/07/23 v3.00 enumerate extensions (DPC)
\@enLab=\toks33
)
\beamer@bibiconwidth=\skip55
\c@figure=\count311
\c@table=\count312
\abovecaptionskip=\skip56
\belowcaptionskip=\skip57
)
(C:\Users\267592e\AppData\Local\Programs\MiKTeX\tex/latex/beamer\beamerbasenavi
gation.sty
\beamer@section@min@dim=\dimen272
)
(C:\Users\267592e\AppData\Local\Programs\MiKTeX\tex/latex/beamer\beamerbasetheo
rems.sty
(C:\Users\267592e\AppData\Local\Programs\MiKTeX\tex/latex/amsmath\amsmath.sty
Package: amsmath 2021/04/20 v2.17j AMS math features
\@mathmargin=\skip58

For additional information on amsmath, use the `?' option.
(C:\Users\267592e\AppData\Local\Programs\MiKTeX\tex/latex/amsmath\amstext.sty
Package: amstext 2000/06/29 v2.01 AMS text

(C:\Users\267592e\AppData\Local\Programs\MiKTeX\tex/latex/amsmath\amsgen.sty
File: amsgen.sty 1999/11/30 v2.0 generic functions
\@emptytoks=\toks34
\ex@=\dimen273
))
(C:\Users\267592e\AppData\Local\Programs\MiKTeX\tex/latex/amsmath\amsbsy.sty
Package: amsbsy 1999/11/29 v1.2d Bold Symbols
\pmbraise@=\dimen274
)
(C:\Users\267592e\AppData\Local\Programs\MiKTeX\tex/latex/amsmath\amsopn.sty
Package: amsopn 2016/03/08 v2.02 operator names
)
\inf@bad=\count313
LaTeX Info: Redefining \frac on input line 234.
\uproot@=\count314
\leftroot@=\count315
LaTeX Info: Redefining \overline on input line 399.
\classnum@=\count316
\DOTSCASE@=\count317
LaTeX Info: Redefining \ldots on input line 496.
LaTeX Info: Redefining \dots on input line 499.
LaTeX Info: Redefining \cdots on input line 620.
\Mathstrutbox@=\box73
\strutbox@=\box74
\big@size=\dimen275
LaTeX Font Info:    Redeclaring font encoding OML on input line 743.
LaTeX Font Info:    Redeclaring font encoding OMS on input line 744.
\macc@depth=\count318
\c@MaxMatrixCols=\count319
\dotsspace@=\muskip17
\c@parentequation=\count320
\dspbrk@lvl=\count321
\tag@help=\toks35
\row@=\count322
\column@=\count323
\maxfields@=\count324
\andhelp@=\toks36
\eqnshift@=\dimen276
\alignsep@=\dimen277
\tagshift@=\dimen278
\tagwidth@=\dimen279
\totwidth@=\dimen280
\lineht@=\dimen281
\@envbody=\toks37
\multlinegap=\skip59
\multlinetaggap=\skip60
\mathdisplay@stack=\toks38
LaTeX Info: Redefining \[ on input line 2923.
LaTeX Info: Redefining \] on input line 2924.
)
(C:\Users\267592e\AppData\Local\Programs\MiKTeX\tex/latex/amscls\amsthm.sty
Package: amsthm 2020/05/29 v2.20.6
\thm@style=\toks39
\thm@bodyfont=\toks40
\thm@headfont=\toks41
\thm@notefont=\toks42
\thm@headpunct=\toks43
\thm@preskip=\skip61
\thm@postskip=\skip62
\thm@headsep=\skip63
\dth@everypar=\toks44
)
\c@theorem=\count325
)
(C:\Users\267592e\AppData\Local\Programs\MiKTeX\tex/latex/beamer\beamerbasethem
es.sty))
(C:\Users\267592e\AppData\Local\Programs\MiKTeX\tex/latex/beamer\beamerthemedef
ault.sty
(C:\Users\267592e\AppData\Local\Programs\MiKTeX\tex/latex/beamer\beamerfontthem
edefault.sty)
(C:\Users\267592e\AppData\Local\Programs\MiKTeX\tex/latex/beamer\beamercolorthe
medefault.sty)
(C:\Users\267592e\AppData\Local\Programs\MiKTeX\tex/latex/beamer\beamerinnerthe
medefault.sty
\beamer@dima=\dimen282
\beamer@dimb=\dimen283
)
(C:\Users\267592e\AppData\Local\Programs\MiKTeX\tex/latex/beamer\beamerouterthe
medefault.sty)))
(C:\Users\267592e\AppData\Local\Programs\MiKTeX\tex/latex/markdown\markdown.sty
(C:\Users\267592e\AppData\Local\Programs\MiKTeX\tex/latex/xstring\xstring.sty
(C:\Users\267592e\AppData\Local\Programs\MiKTeX\tex/generic/xstring\xstring.tex
\integerpart=\count326
\decimalpart=\count327
)
Package: xstring 2021/07/21 v1.84 String manipulations (CT)
)
(C:\Users\267592e\AppData\Local\Programs\MiKTeX\tex/generic/markdown\markdown.t
ex
\markdownFrozenCacheCounter=\count328
\markdownInputFileStream=\read3
\markdownOutputFileStream=\write5
Package markdown Info: Using mode 0: Shell escape via write18 on input line 588
.
)
Package: markdown 2021/09/26 v2.11.0-0-g4505824 markdown renderer
 (C:\Users\267592e\AppData\Local\Programs\MiKTeX\tex/latex/base\ifthen.sty
Package: ifthen 2020/11/24 v1.1c Standard LaTeX ifthen package (DPC)
)
(C:\Users\267592e\AppData\Local\Programs\MiKTeX\tex/latex/csvsimple\csvsimple.s
ty
(C:\Users\267592e\AppData\Local\Programs\MiKTeX\tex/latex/l3packages/l3keys2e\l
3keys2e.sty
(C:\Users\267592e\AppData\Local\Programs\MiKTeX\tex/latex/l3kernel\expl3.sty
Package: expl3 2021-08-27 L3 programming layer (loader) 

(C:\Users\267592e\AppData\Local\Programs\MiKTeX\tex/latex/l3backend\l3backend-p
dftex.def
File: l3backend-pdftex.def 2021-08-04 L3 backend support: PDF output (pdfTeX)
\l__color_backend_stack_int=\count329
\l__pdf_internal_box=\box75
))
Package: l3keys2e 2021-08-27 LaTeX2e option processing using LaTeX3 keys
)
Package: csvsimple 2021/09/09 v2.2.0 LaTeX CSV file processing
)
(C:\Users\267592e\AppData\Local\Programs\MiKTeX\tex/latex/csvsimple\csvsimple-l
egacy.sty
Package: csvsimple-legacy 2021/09/09 version 2.2.0 LaTeX2e CSV file processing

(C:\Users\267592e\AppData\Local\Programs\MiKTeX\tex/latex/pgf/utilities\pgfkeys
.sty
(C:\Users\267592e\AppData\Local\Programs\MiKTeX\tex/generic/pgf/utilities\pgfke
ys.code.tex))
(C:\Users\267592e\AppData\Local\Programs\MiKTeX\tex/latex/tools\shellesc.sty
Package: shellesc 2019/11/08 v1.0c unified shell escape interface for LaTeX
Package shellesc Info: Restricted shell escape enabled on input line 77.
)
\csv@file=\read4
\c@csvinputline=\count330
\c@csvrow=\count331
\c@csvcol=\count332
\csv@out=\write6
)
(C:\Users\267592e\AppData\Local\Programs\MiKTeX\tex/latex/fancyvrb\fancyvrb.sty
Package: fancyvrb 2021/11/24\nobreakspace {} 4.1a\nobreakspace {}verbatim text 
(tvz,hv)
\FV@CodeLineNo=\count333
\FV@InFile=\read5
\FV@TabBox=\box76
\c@FancyVerbLine=\count334
\FV@StepNumber=\count335
\FV@OutFile=\write7
)
\markdownLaTeXCitationsCounter=\count336
 (C:\Users\267592e\AppData\Local\Programs\MiKTeX\tex/latex/gobble\gobble.sty
Package: gobble 2019/01/04 v0.2 Provides more gobble macros

(C:\Users\267592e\AppData\Local\Programs\MiKTeX\tex/generic/gobble\gobble.tex))
\markdownLaTeXRowCounter=\count337
\markdownLaTeXRowTotal=\count338
\markdownLaTeXColumnCounter=\count339
\markdownLaTeXColumnTotal=\count340
\markdownLaTeXTable=\toks45
\markdownLaTeXTableAlignment=\toks46
\markdownLaTeXTableEnd=\toks47
) (C:\Users\267592e\AppData\Local\Programs\MiKTeX\tex/latex/textpos\textpos.sty
Package: textpos 2020/09/26 v1.10
Package: textpos 2020/09/26 1.10, absolute positioning of text on the page
Package textpos Info: choosing support for LaTeX3 on input line 61.
\TP@textbox=\box77
\TPHorizModule=\dimen284
\TPVertModule=\dimen285
\TP@margin=\dimen286
\TP@absmargin=\dimen287
Grid set 16 x 16 = 22.7622pt x 17.07166pt
\TPboxrulesize=\dimen288
\TP@tbargs=\toks48
) (C:\Users\267592e\AppData\Local\Programs\MiKTeX\tex/latex/lm\lmodern.sty
Package: lmodern 2009/10/30 v1.6 Latin Modern Fonts
LaTeX Font Info:    Overwriting symbol font `operators' in version `normal'
(Font)                  OT1/cmr/m/n --> OT1/lmr/m/n on input line 22.
LaTeX Font Info:    Overwriting symbol font `letters' in version `normal'
(Font)                  OML/cmm/m/it --> OML/lmm/m/it on input line 23.
LaTeX Font Info:    Overwriting symbol font `symbols' in version `normal'
(Font)                  OMS/cmsy/m/n --> OMS/lmsy/m/n on input line 24.
LaTeX Font Info:    Overwriting symbol font `largesymbols' in version `normal'
(Font)                  OMX/cmex/m/n --> OMX/lmex/m/n on input line 25.
LaTeX Font Info:    Overwriting symbol font `operators' in version `bold'
(Font)                  OT1/cmr/bx/n --> OT1/lmr/bx/n on input line 26.
LaTeX Font Info:    Overwriting symbol font `letters' in version `bold'
(Font)                  OML/cmm/b/it --> OML/lmm/b/it on input line 27.
LaTeX Font Info:    Overwriting symbol font `symbols' in version `bold'
(Font)                  OMS/cmsy/b/n --> OMS/lmsy/b/n on input line 28.
LaTeX Font Info:    Overwriting symbol font `largesymbols' in version `bold'
(Font)                  OMX/cmex/m/n --> OMX/lmex/m/n on input line 29.
LaTeX Font Info:    Overwriting math alphabet `\mathbf' in version `normal'
(Font)                  OT1/cmr/bx/n --> OT1/lmr/bx/n on input line 31.
LaTeX Font Info:    Overwriting math alphabet `\mathsf' in version `normal'
(Font)                  OT1/cmss/m/n --> OT1/lmss/m/n on input line 32.
LaTeX Font Info:    Overwriting math alphabet `\mathit' in version `normal'
(Font)                  OT1/cmr/m/it --> OT1/lmr/m/it on input line 33.
LaTeX Font Info:    Overwriting math alphabet `\mathtt' in version `normal'
(Font)                  OT1/cmtt/m/n --> OT1/lmtt/m/n on input line 34.
LaTeX Font Info:    Overwriting math alphabet `\mathbf' in version `bold'
(Font)                  OT1/cmr/bx/n --> OT1/lmr/bx/n on input line 35.
LaTeX Font Info:    Overwriting math alphabet `\mathsf' in version `bold'
(Font)                  OT1/cmss/bx/n --> OT1/lmss/bx/n on input line 36.
LaTeX Font Info:    Overwriting math alphabet `\mathit' in version `bold'
(Font)                  OT1/cmr/bx/it --> OT1/lmr/bx/it on input line 37.
LaTeX Font Info:    Overwriting math alphabet `\mathtt' in version `bold'
(Font)                  OT1/cmtt/m/n --> OT1/lmtt/m/n on input line 38.
)
(C:\Users\267592e\AppData\Local\Programs\MiKTeX\tex/latex/booktabs\booktabs.sty
Package: booktabs 2020/01/12 v1.61803398 Publication quality tables
\heavyrulewidth=\dimen289
\lightrulewidth=\dimen290
\cmidrulewidth=\dimen291
\belowrulesep=\dimen292
\belowbottomsep=\dimen293
\aboverulesep=\dimen294
\abovetopsep=\dimen295
\cmidrulesep=\dimen296
\cmidrulekern=\dimen297
\defaultaddspace=\dimen298
\@cmidla=\count341
\@cmidlb=\count342
\@aboverulesep=\dimen299
\@belowrulesep=\dimen300
\@thisruleclass=\count343
\@lastruleclass=\count344
\@thisrulewidth=\dimen301
)
(C:\Users\267592e\AppData\Local\Programs\MiKTeX\tex/latex/multirow\multirow.sty
Package: multirow 2021/03/15 v2.8 Span multiple rows of a table
\multirow@colwidth=\skip64
\multirow@cntb=\count345
\multirow@dima=\skip65
\bigstrutjot=\dimen302
)
(C:\Users\267592e\AppData\Local\Programs\MiKTeX\tex/latex/tcolorbox\tcolorbox.s
ty
Package: tcolorbox 2021/06/14 version 4.51 text color boxes

(C:\Users\267592e\AppData\Local\Programs\MiKTeX\tex/latex/pgf/basiclayer\pgf.st
y
Package: pgf 2021/05/15 v3.1.9a (3.1.9a)

(C:\Users\267592e\AppData\Local\Programs\MiKTeX\tex/generic/pgf/modules\pgfmodu
leshapes.code.tex
File: pgfmoduleshapes.code.tex 2021/05/15 v3.1.9a (3.1.9a)
\pgfnodeparttextbox=\box78
)
(C:\Users\267592e\AppData\Local\Programs\MiKTeX\tex/generic/pgf/modules\pgfmodu
leplot.code.tex
File: pgfmoduleplot.code.tex 2021/05/15 v3.1.9a (3.1.9a)
)
(C:\Users\267592e\AppData\Local\Programs\MiKTeX\tex/latex/pgf/compatibility\pgf
comp-version-0-65.sty
Package: pgfcomp-version-0-65 2021/05/15 v3.1.9a (3.1.9a)
\pgf@nodesepstart=\dimen303
\pgf@nodesepend=\dimen304
)
(C:\Users\267592e\AppData\Local\Programs\MiKTeX\tex/latex/pgf/compatibility\pgf
comp-version-1-18.sty
Package: pgfcomp-version-1-18 2021/05/15 v3.1.9a (3.1.9a)
))
(C:\Users\267592e\AppData\Local\Programs\MiKTeX\tex/latex/tools\verbatim.sty
Package: verbatim 2020-07-07 v1.5u LaTeX2e package for verbatim enhancements
\every@verbatim=\toks49
\verbatim@line=\toks50
\verbatim@in@stream=\read6
)
(C:\Users\267592e\AppData\Local\Programs\MiKTeX\tex/latex/environ\environ.sty
Package: environ 2014/05/04 v0.3 A new way to define environments

(C:\Users\267592e\AppData\Local\Programs\MiKTeX\tex/latex/trimspaces\trimspaces
.sty
Package: trimspaces 2009/09/17 v1.1 Trim spaces around a token list
))
\tcb@titlebox=\box79
\tcb@upperbox=\box80
\tcb@lowerbox=\box81
\tcb@phantombox=\box82
\c@tcbbreakpart=\count346
\c@tcblayer=\count347
\c@tcolorbox@number=\count348
\tcb@temp=\box83
\tcb@temp=\box84
\tcb@temp=\box85
\tcb@temp=\box86
)
(C:\Users\267592e\AppData\Local\Programs\MiKTeX\tex/latex/scalerel\scalerel.sty
Package: scalerel 2016/12/29 v1.8 Routines for constrained scaling and stretchi
ng of objects, relative to a reference object or in absolute terms
(C:\Users\267592e\AppData\Local\Programs\MiKTeX\tex/latex/tools\calc.sty
Package: calc 2017/05/25 v4.3 Infix arithmetic (KKT,FJ)
\calc@Acount=\count349
\calc@Bcount=\count350
\calc@Adimen=\dimen305
\calc@Bdimen=\dimen306
\calc@Askip=\skip66
\calc@Bskip=\skip67
LaTeX Info: Redefining \setlength on input line 80.
LaTeX Info: Redefining \addtolength on input line 81.
\calc@Ccount=\count351
\calc@Cskip=\skip68
)
\thesrwidth=\skip69
\thesrheight=\skip70
\srblobheight=\skip71
\srblobdepth=\skip72
\mnxsrwidth=\skip73
\LMex=\skip74
\LMpt=\skip75
)
(C:\Users\267592e\AppData\Local\Programs\MiKTeX\tex/latex/stackengine\stackengi
ne.sty
Package: stackengine 2021/07/22 v4.11\ Stacking text and objects in convenient 
ways

(C:\Users\267592e\AppData\Local\Programs\MiKTeX\tex/latex/listofitems\listofite
ms.sty
(C:\Users\267592e\AppData\Local\Programs\MiKTeX\tex/generic/listofitems\listofi
tems.tex
\loi_cnt_foreach_nest=\count352
\loi_nestcnt=\count353
)
Package: listofitems 2019/08/21 v1.63 Grab items in lists using user-specified 
sep char (CT)
)
\c@@stackindex=\count354
\@boxshift=\skip76
\stack@tmplength=\skip77
\temp@stkl=\skip78
\@stackedboxwidth=\skip79
\@addedbox=\box87
\@anchorbox=\box88
\@insetbox=\box89
\se@backgroundbox=\box90
\stackedbox=\box91
\@centerbox=\box92
\c@ROWcellindex@=\count355
)
(C:\Users\267592e\AppData\Local\Programs\MiKTeX\tex/latex/beamer\beamerthemeMar
burg.sty
(C:\Users\267592e\AppData\Local\Programs\MiKTeX\tex/latex/beamer\beamercolorthe
mewhale.sty)
(C:\Users\267592e\AppData\Local\Programs\MiKTeX\tex/latex/beamer\beamerouterthe
mesidebar.sty
\beamer@sidebarwidth=\dimen307
\beamer@headheight=\dimen308
LaTeX Font Info:    Trying to load font information for OT1+lmss on input line 
18.

(C:\Users\267592e\AppData\Local\Programs\MiKTeX\tex/latex/lm\ot1lmss.fd
File: ot1lmss.fd 2009/10/30 v1.6 Font defs for Latin Modern
)))
(C:\Users\267592e\AppData\Local\Programs\MiKTeX\tex/latex/beamer\beamerfontthem
estructurebold.sty)
(C:\Users\267592e\AppData\Local\Programs\MiKTeX\tex/latex/beamer\beamercolorthe
melily.sty)
(C:\Users\267592e\AppData\Local\Programs\MiKTeX\tex/latex/caption\subcaption.st
y
Package: subcaption 2020/10/07 v1.3j Sub-captions (AR)
 (C:\Users\267592e\AppData\Local\Programs\MiKTeX\tex/latex/caption\caption.sty
Package: caption 2020/10/26 v3.5g Customizing captions (AR)
(C:\Users\267592e\AppData\Local\Programs\MiKTeX\tex/latex/caption\caption3.sty
Package: caption3 2020/10/21 v2.2e caption3 kernel (AR)
\captionmargin=\dimen309
\captionmargin@=\dimen310
\captionwidth=\dimen311
\caption@tempdima=\dimen312
\caption@indent=\dimen313
\caption@parindent=\dimen314
\caption@hangindent=\dimen315
Package caption Info: beamer document class detected.

(C:\Users\267592e\AppData\Local\Programs\MiKTeX\tex/latex/caption\caption-beame
r.sto
File: caption-beamer.sto 2020/08/22 v2.0 Adaption of the caption package to the
 beamer document classes (AR)
))
\c@caption@flags=\count356
\c@continuedfloat=\count357
Package caption Info: hyperref package is loaded.
Package caption Info: Hyperref support is turned off
(caption)             because hyperref has stopped early.
)
\c@subfigure=\count358
\c@subtable=\count359
)
\sympureletters=\mathgroup6
LaTeX Font Info:    Overwriting symbol font `pureletters' in version `bold'
(Font)                  OT1/mathkerncmss/m/sl --> OT1/mathkerncmss/bx/sl on inp
ut line 46.

(C:\Users\267592e\AppData\Local\Programs\MiKTeX\tex/latex/tools\bm.sty
Package: bm 2021/04/25 v1.2e Bold Symbol Support (DPC/FMi)
\symboldoperators=\mathgroup7
\symboldletters=\mathgroup8
\symboldsymbols=\mathgroup9
Package bm Info: No bold for \OMX/lmex/m/n, using \pmb.
Package bm Info: No bold for \U/msa/m/n, using \pmb.
Package bm Info: No bold for \U/msb/m/n, using \pmb.
\symboldpureletters=\mathgroup10
LaTeX Font Info:    Redeclaring math alphabet \mathbf on input line 149.
)
(C:\Users\267592e\AppData\Local\Programs\MiKTeX\tex/latex/natbib\natbib.sty
Package: natbib 2010/09/13 8.31b (PWD, AO)
\bibhang=\skip80
\bibsep=\skip81
LaTeX Info: Redefining \cite on input line 694.
\c@NAT@ctr=\count360
)
(C:\Users\267592e\AppData\Local\Programs\MiKTeX\tex/latex/listings\listings.sty
\lst@mode=\count361
\lst@gtempboxa=\box93
\lst@token=\toks51
\lst@length=\count362
\lst@currlwidth=\dimen316
\lst@column=\count363
\lst@pos=\count364
\lst@lostspace=\dimen317
\lst@width=\dimen318
\lst@newlines=\count365
\lst@lineno=\count366
\lst@maxwidth=\dimen319
(C:\Users\267592e\AppData\Local\Programs\MiKTeX\tex/latex/listings\lstmisc.sty
File: lstmisc.sty 2020/03/24 1.8d (Carsten Heinz)
\c@lstnumber=\count367
\lst@skipnumbers=\count368
\lst@framebox=\box94
)
(C:\Users\267592e\AppData\Local\Programs\MiKTeX\tex/latex/listings\listings.cfg
File: listings.cfg 2020/03/24 1.8d listings configuration
))
Package: listings 2020/03/24 1.8d (Carsten Heinz)

(C:\Users\267592e\AppData\Local\Programs\MiKTeX\tex/latex/lstaddons\lstautogobb
le.sty
Package: lstautogobble 2012/05/03 v0.1 Implements 'autogobble' option for 'list
ings'
\lstag@spacecount=\count369
)
(C:\Users\267592e\AppData\Local\Programs\MiKTeX\tex/latex/listings\lstlang1.sty
File: lstlang1.sty 2020/03/24 1.8d listings language file
)
(C:\Users\267592e\AppData\Local\Programs\MiKTeX\tex/latex/listings\lstlang2.sty
File: lstlang2.sty 2020/03/24 1.8d listings language file
)
(C:\Users\267592e\AppData\Local\Programs\MiKTeX\tex/latex/listings\lstlang3.sty
File: lstlang3.sty 2020/03/24 1.8d listings language file
) (Lec2_IITR_Presentation.aux)
\openout1 = `Lec2_IITR_Presentation.aux'.

LaTeX Font Info:    Checking defaults for OML/cmm/m/it on input line 96.
LaTeX Font Info:    ... okay on input line 96.
LaTeX Font Info:    Checking defaults for OMS/cmsy/m/n on input line 96.
LaTeX Font Info:    ... okay on input line 96.
LaTeX Font Info:    Checking defaults for OT1/cmr/m/n on input line 96.
LaTeX Font Info:    ... okay on input line 96.
LaTeX Font Info:    Checking defaults for T1/cmr/m/n on input line 96.
LaTeX Font Info:    ... okay on input line 96.
LaTeX Font Info:    Checking defaults for TS1/cmr/m/n on input line 96.
LaTeX Font Info:    ... okay on input line 96.
LaTeX Font Info:    Checking defaults for OMX/cmex/m/n on input line 96.
LaTeX Font Info:    ... okay on input line 96.
LaTeX Font Info:    Checking defaults for U/cmr/m/n on input line 96.
LaTeX Font Info:    ... okay on input line 96.
LaTeX Font Info:    Checking defaults for PD1/pdf/m/n on input line 96.
LaTeX Font Info:    ... okay on input line 96.
LaTeX Font Info:    Checking defaults for PU/pdf/m/n on input line 96.
LaTeX Font Info:    ... okay on input line 96.

*geometry* driver: auto-detecting
*geometry* detected driver: pdftex
*geometry* verbose mode - [ preamble ] result:
* driver: pdftex
* paper: custom
* layout: <same size as paper>
* layoutoffset:(h,v)=(0.0pt,0.0pt)
* modes: includehead includefoot 
* h-part:(L,W,R)=(14.22636pt, 278.83713pt, 71.13187pt)
* v-part:(T,H,B)=(0.0pt, 273.14662pt, 0.0pt)
* \paperwidth=364.19536pt
* \paperheight=273.14662pt
* \textwidth=278.83713pt
* \textheight=244.6939pt
* \oddsidemargin=-58.04362pt
* \evensidemargin=-58.04362pt
* \topmargin=-72.26999pt
* \headheight=14.22636pt
* \headsep=0.0pt
* \topskip=11.0pt
* \footskip=14.22636pt
* \marginparwidth=4.0pt
* \marginparsep=10.0pt
* \columnsep=10.0pt
* \skip\footins=10.0pt plus 4.0pt minus 2.0pt
* \hoffset=0.0pt
* \voffset=0.0pt
* \mag=1000
* \@twocolumnfalse
* \@twosidefalse
* \@mparswitchfalse
* \@reversemarginfalse
* (1in=72.27pt=25.4mm, 1cm=28.453pt)


(C:\Users\267592e\AppData\Local\Programs\MiKTeX\tex/context/base/mkii\supp-pdf.
mkii
[Loading MPS to PDF converter (version 2006.09.02).]
\scratchcounter=\count370
\scratchdimen=\dimen320
\scratchbox=\box95
\nofMPsegments=\count371
\nofMParguments=\count372
\everyMPshowfont=\toks52
\MPscratchCnt=\count373
\MPscratchDim=\dimen321
\MPnumerator=\count374
\makeMPintoPDFobject=\count375
\everyMPtoPDFconversion=\toks53
)
(C:\Users\267592e\AppData\Local\Programs\MiKTeX\tex/latex/epstopdf-pkg\epstopdf
-base.sty
Package: epstopdf-base 2020-01-24 v2.11 Base part for package epstopdf
Package epstopdf-base Info: Redefining graphics rule for `.eps' on input line 4
85.

(C:\Users\267592e\AppData\Local\Programs\MiKTeX\tex/latex/00miktex\epstopdf-sys
.cfg
File: epstopdf-sys.cfg 2021/03/18 v2.0 Configuration of epstopdf for MiKTeX
))
Package hyperref Info: Link coloring OFF on input line 96.

(C:\Users\267592e\AppData\Local\Programs\MiKTeX\tex/latex/hyperref\nameref.sty
Package: nameref 2021-04-02 v2.47 Cross-referencing by name of section

(C:\Users\267592e\AppData\Local\Programs\MiKTeX\tex/latex/refcount\refcount.sty
Package: refcount 2019/12/15 v3.6 Data extraction from label references (HO)
)
(C:\Users\267592e\AppData\Local\Programs\MiKTeX\tex/generic/gettitlestring\gett
itlestring.sty
Package: gettitlestring 2019/12/15 v1.6 Cleanup title references (HO)
)
\c@section@level=\count376
)
LaTeX Info: Redefining \ref on input line 96.
LaTeX Info: Redefining \pageref on input line 96.
LaTeX Info: Redefining \nameref on input line 96.
 (Lec2_IITR_Presentation.out) (Lec2_IITR_Presentation.out)
\@outlinefile=\write8
\openout8 = `Lec2_IITR_Presentation.out'.

LaTeX Font Info:    Overwriting symbol font `operators' in version `normal'
(Font)                  OT1/lmr/m/n --> OT1/cmss/m/n on input line 96.
LaTeX Font Info:    Overwriting symbol font `operators' in version `bold'
(Font)                  OT1/lmr/bx/n --> OT1/cmss/b/n on input line 96.
LaTeX Font Info:    Overwriting symbol font `operators' in version `normal'
(Font)                  OT1/cmss/m/n --> OT1/lmss/m/n on input line 96.
LaTeX Font Info:    Overwriting symbol font `operators' in version `bold'
(Font)                  OT1/cmss/b/n --> OT1/lmss/b/n on input line 96.
\symnumbers=\mathgroup11
LaTeX Font Info:    Redeclaring symbol font `pureletters' on input line 96.
LaTeX Font Info:    Overwriting symbol font `pureletters' in version `normal'
(Font)                  OT1/mathkerncmss/m/sl --> OT1/lmss/m/it on input line 9
6.
LaTeX Font Info:    Overwriting symbol font `pureletters' in version `bold'
(Font)                  OT1/mathkerncmss/bx/sl --> OT1/lmss/m/it on input line 
96.
LaTeX Font Info:    Overwriting math alphabet `\mathrm' in version `normal'
(Font)                  OT1/lmss/m/n --> OT1/lmr/m/n on input line 96.
LaTeX Font Info:    Redeclaring math alphabet \mathbf on input line 96.
LaTeX Font Info:    Redeclaring math alphabet \mathsf on input line 96.
LaTeX Font Info:    Overwriting math alphabet `\mathsf' in version `normal'
(Font)                  OT1/lmss/m/n --> OT1/lmss/m/n on input line 96.
LaTeX Font Info:    Overwriting math alphabet `\mathsf' in version `bold'
(Font)                  OT1/lmss/bx/n --> OT1/lmss/m/n on input line 96.
LaTeX Font Info:    Redeclaring math alphabet \mathit on input line 96.
LaTeX Font Info:    Overwriting math alphabet `\mathit' in version `normal'
(Font)                  OT1/lmr/m/it --> OT1/lmss/m/it on input line 96.
LaTeX Font Info:    Overwriting math alphabet `\mathit' in version `bold'
(Font)                  OT1/lmr/bx/it --> OT1/lmss/m/it on input line 96.
LaTeX Font Info:    Redeclaring math alphabet \mathtt on input line 96.
LaTeX Font Info:    Overwriting math alphabet `\mathtt' in version `normal'
(Font)                  OT1/lmtt/m/n --> OT1/lmtt/m/n on input line 96.
LaTeX Font Info:    Overwriting math alphabet `\mathtt' in version `bold'
(Font)                  OT1/lmtt/m/n --> OT1/lmtt/m/n on input line 96.
LaTeX Font Info:    Overwriting symbol font `numbers' in version `bold'
(Font)                  OT1/lmss/m/n --> OT1/lmss/b/n on input line 96.
LaTeX Font Info:    Overwriting symbol font `pureletters' in version `bold'
(Font)                  OT1/lmss/m/it --> OT1/lmss/b/it on input line 96.
LaTeX Font Info:    Overwriting math alphabet `\mathrm' in version `bold'
(Font)                  OT1/lmss/b/n --> OT1/lmr/b/n on input line 96.
LaTeX Font Info:    Overwriting math alphabet `\mathbf' in version `bold'
(Font)                  OT1/lmss/b/n --> OT1/lmss/b/n on input line 96.
LaTeX Font Info:    Overwriting math alphabet `\mathsf' in version `bold'
(Font)                  OT1/lmss/m/n --> OT1/lmss/b/n on input line 96.
LaTeX Font Info:    Overwriting math alphabet `\mathit' in version `bold'
(Font)                  OT1/lmss/m/it --> OT1/lmss/b/it on input line 96.
LaTeX Font Info:    Overwriting math alphabet `\mathtt' in version `bold'
(Font)                  OT1/lmtt/m/n --> OT1/lmtt/b/n on input line 96.
LaTeX Font Info:    Redeclaring symbol font `boldpureletters' on input line 96.

LaTeX Font Info:    Overwriting symbol font `boldpureletters' in version `norma
l'
(Font)                  OT1/mathkerncmss/bx/sl --> OT1/lmss/bx/it on input line
 96.
LaTeX Font Info:    Overwriting symbol font `boldpureletters' in version `bold'

(Font)                  OT1/mathkerncmss/bx/sl --> OT1/lmss/bx/it on input line
 96.

(C:\Users\267592e\AppData\Local\Programs\MiKTeX\tex/latex/translator\translator
-basic-dictionary-English.dict
Dictionary: translator-basic-dictionary, Language: English 
)
(C:\Users\267592e\AppData\Local\Programs\MiKTeX\tex/latex/translator\translator
-bibliography-dictionary-English.dict
Dictionary: translator-bibliography-dictionary, Language: English 
)
(C:\Users\267592e\AppData\Local\Programs\MiKTeX\tex/latex/translator\translator
-environment-dictionary-English.dict
Dictionary: translator-environment-dictionary, Language: English 
)
(C:\Users\267592e\AppData\Local\Programs\MiKTeX\tex/latex/translator\translator
-months-dictionary-English.dict
Dictionary: translator-months-dictionary, Language: English 
)
(C:\Users\267592e\AppData\Local\Programs\MiKTeX\tex/latex/translator\translator
-numbers-dictionary-English.dict
Dictionary: translator-numbers-dictionary, Language: English 
)
(C:\Users\267592e\AppData\Local\Programs\MiKTeX\tex/latex/translator\translator
-theorem-dictionary-English.dict
Dictionary: translator-theorem-dictionary, Language: English 
)
Package caption Info: Begin \AtBeginDocument code.
Package caption Info: listings package is loaded.
Package caption Info: End \AtBeginDocument code.
\c@lstlisting=\count377
 (Lec2_IITR_Presentation.nav)
LaTeX Font Info:    Trying to load font information for OT1+lmtt on input line 
102.

(C:\Users\267592e\AppData\Local\Programs\MiKTeX\tex/latex/lm\ot1lmtt.fd
File: ot1lmtt.fd 2009/10/30 v1.6 Font defs for Latin Modern
)
LaTeX Font Info:    Font shape `OT1/lmtt/bx/n' in size <14.4> not available
(Font)              Font shape `OT1/lmtt/b/n' tried instead on input line 102.
<PlotsLec2/CURTIN.png, id=44, 153.57375pt x 59.47218pt>
File: PlotsLec2/CURTIN.png Graphic file (type png)
<use PlotsLec2/CURTIN.png>
Package pdftex.def Info: PlotsLec2/CURTIN.png  used on input line 102.
(pdftex.def)             Requested size: 111.53377pt x 48.44624pt.

[1{C:/Users/267592e/AppData/Local/MiKTeX/pdftex/config/pdftex.map}

 <./PlotsLec2/CURTIN.png>]
File: PlotsLec2/CURTIN.png Graphic file (type png)
<use PlotsLec2/CURTIN.png>
Package pdftex.def Info: PlotsLec2/CURTIN.png  used on input line 128.
(pdftex.def)             Requested size: 56.90575pt x 22.76208pt.
 [2

]
LaTeX Font Info:    Font shape `OT1/lmss/m/it' in size <10.95> not available
(Font)              Font shape `OT1/lmss/m/sl' tried instead on input line 137.

<PlotsLec2/GrammerOfGraphics.png, id=124, 437.38406pt x 368.1253pt>
File: PlotsLec2/GrammerOfGraphics.png Graphic file (type png)
<use PlotsLec2/GrammerOfGraphics.png>
Package pdftex.def Info: PlotsLec2/GrammerOfGraphics.png  used on input line 13
7.
(pdftex.def)             Requested size: 195.18513pt x 164.27866pt.
File: PlotsLec2/CURTIN.png Graphic file (type png)
<use PlotsLec2/CURTIN.png>
Package pdftex.def Info: PlotsLec2/CURTIN.png  used on input line 137.
(pdftex.def)             Requested size: 56.90575pt x 22.76208pt.
 [3

 <./PlotsLec2/GrammerOfGraphics.png>]
LaTeX Font Info:    Trying to load font information for OML+lmm on input line 1
54.

(C:\Users\267592e\AppData\Local\Programs\MiKTeX\tex/latex/lm\omllmm.fd
File: omllmm.fd 2009/10/30 v1.6 Font defs for Latin Modern
)
LaTeX Font Info:    Trying to load font information for OMS+lmsy on input line 
154.

(C:\Users\267592e\AppData\Local\Programs\MiKTeX\tex/latex/lm\omslmsy.fd
File: omslmsy.fd 2009/10/30 v1.6 Font defs for Latin Modern
)
LaTeX Font Info:    Trying to load font information for OMX+lmex on input line 
154.

(C:\Users\267592e\AppData\Local\Programs\MiKTeX\tex/latex/lm\omxlmex.fd
File: omxlmex.fd 2009/10/30 v1.6 Font defs for Latin Modern
)
LaTeX Font Info:    External font `lmex10' loaded for size
(Font)              <10.95> on input line 154.
LaTeX Font Info:    External font `lmex10' loaded for size
(Font)              <8> on input line 154.
LaTeX Font Info:    External font `lmex10' loaded for size
(Font)              <6> on input line 154.
LaTeX Font Info:    Trying to load font information for U+msa on input line 154
.

(C:\Users\267592e\AppData\Local\Programs\MiKTeX\tex/latex/amsfonts\umsa.fd
File: umsa.fd 2013/01/14 v3.01 AMS symbols A
)
LaTeX Font Info:    Trying to load font information for U+msb on input line 154
.

(C:\Users\267592e\AppData\Local\Programs\MiKTeX\tex/latex/amsfonts\umsb.fd
File: umsb.fd 2013/01/14 v3.01 AMS symbols B
)
LaTeX Font Info:    Font shape `OT1/lmss/m/it' in size <8> not available
(Font)              Font shape `OT1/lmss/m/sl' tried instead on input line 154.

LaTeX Font Info:    Font shape `OT1/lmss/m/it' in size <6> not available
(Font)              Font shape `OT1/lmss/m/sl' tried instead on input line 154.

LaTeX Font Info:    Trying to load font information for OT1+lmr on input line 1
54.

(C:\Users\267592e\AppData\Local\Programs\MiKTeX\tex/latex/lm\ot1lmr.fd
File: ot1lmr.fd 2009/10/30 v1.6 Font defs for Latin Modern
)
LaTeX Font Info:    Font shape `OT1/lmss/bx/it' in size <10.95> not available
(Font)              Font shape `OT1/lmss/bx/sl' tried instead on input line 154
.
LaTeX Font Info:    Font shape `OT1/lmss/bx/it' in size <8> not available
(Font)              Font shape `OT1/lmss/bx/sl' tried instead on input line 154
.
LaTeX Font Info:    Font shape `OT1/lmss/bx/it' in size <6> not available
(Font)              Font shape `OT1/lmss/bx/sl' tried instead on input line 154
.
<PlotsLec2/QuickBrownFox.png, id=161, 950.46pt x 120.45pt>
File: PlotsLec2/QuickBrownFox.png Graphic file (type png)
<use PlotsLec2/QuickBrownFox.png>
Package pdftex.def Info: PlotsLec2/QuickBrownFox.png  used on input line 154.
(pdftex.def)             Requested size: 254.36911pt x 32.23521pt.
File: PlotsLec2/CURTIN.png Graphic file (type png)
<use PlotsLec2/CURTIN.png>
Package pdftex.def Info: PlotsLec2/CURTIN.png  used on input line 154.
(pdftex.def)             Requested size: 56.90575pt x 22.76208pt.

[4

 <./PlotsLec2/QuickBrownFox.png>]
<PlotsLec2/Lego.jpg, id=197, 5568.805pt x 3712.87125pt>
File: PlotsLec2/Lego.jpg Graphic file (type jpg)
<use PlotsLec2/Lego.jpg>
Package pdftex.def Info: PlotsLec2/Lego.jpg  used on input line 161.
(pdftex.def)             Requested size: 209.12784pt x 139.42494pt.
File: PlotsLec2/CURTIN.png Graphic file (type png)
<use PlotsLec2/CURTIN.png>
Package pdftex.def Info: PlotsLec2/CURTIN.png  used on input line 161.
(pdftex.def)             Requested size: 56.90575pt x 22.76208pt.
 [5

 <./PlotsLec2/Lego.jpg>]
<PlotsLec2/ggplot2partoftidyverse.png, id=231, 466.74374pt x 594.22pt>
File: PlotsLec2/ggplot2partoftidyverse.png Graphic file (type png)
<use PlotsLec2/ggplot2partoftidyverse.png>
Package pdftex.def Info: PlotsLec2/ggplot2partoftidyverse.png  used on input li
ne 170.
(pdftex.def)             Requested size: 139.41856pt x 177.49667pt.
File: PlotsLec2/CURTIN.png Graphic file (type png)
<use PlotsLec2/CURTIN.png>
Package pdftex.def Info: PlotsLec2/CURTIN.png  used on input line 170.
(pdftex.def)             Requested size: 56.90575pt x 22.76208pt.
 [6

 <./PlotsLec2/ggplot2partoftidyverse.png>]
<PlotsLec2/ggplot2book.png, id=265, 304.13625pt x 286.06876pt>
File: PlotsLec2/ggplot2book.png Graphic file (type png)
<use PlotsLec2/ggplot2book.png>
Package pdftex.def Info: PlotsLec2/ggplot2book.png  used on input line 178.
(pdftex.def)             Requested size: 167.30397pt x 157.36885pt.
File: PlotsLec2/CURTIN.png Graphic file (type png)
<use PlotsLec2/CURTIN.png>
Package pdftex.def Info: PlotsLec2/CURTIN.png  used on input line 178.
(pdftex.def)             Requested size: 56.90575pt x 22.76208pt.
 [7

 <./PlotsLec2/ggplot2book.png>]
<PlotsLec2/MainComponents.png, id=300, 775.917pt x 409.092pt>
File: PlotsLec2/MainComponents.png Graphic file (type png)
<use PlotsLec2/MainComponents.png>
Package pdftex.def Info: PlotsLec2/MainComponents.png  used on input line 186.
(pdftex.def)             Requested size: 276.05028pt x 145.5439pt.
File: PlotsLec2/CURTIN.png Graphic file (type png)
<use PlotsLec2/CURTIN.png>
Package pdftex.def Info: PlotsLec2/CURTIN.png  used on input line 186.
(pdftex.def)             Requested size: 56.90575pt x 22.76208pt.
 [8

 <./PlotsLec2/MainComponents.png>]
<PlotsLec2/GgplotLayers.jpg, id=337, 524.724pt x 324.12pt>
File: PlotsLec2/GgplotLayers.jpg Graphic file (type jpg)
<use PlotsLec2/GgplotLayers.jpg>
Package pdftex.def Info: PlotsLec2/GgplotLayers.jpg  used on input line 193.
(pdftex.def)             Requested size: 276.05028pt x 170.51173pt.
File: PlotsLec2/CURTIN.png Graphic file (type png)
<use PlotsLec2/CURTIN.png>
Package pdftex.def Info: PlotsLec2/CURTIN.png  used on input line 193.
(pdftex.def)             Requested size: 56.90575pt x 22.76208pt.
 [9

 <./PlotsLec2/GgplotLayers.jpg>]
<PlotsLec2/IrisDataset.png, id=370, 952.65pt x 415.881pt>
File: PlotsLec2/IrisDataset.png Graphic file (type png)
<use PlotsLec2/IrisDataset.png>
Package pdftex.def Info: PlotsLec2/IrisDataset.png  used on input line 203.
(pdftex.def)             Requested size: 276.05028pt x 120.5072pt.
File: PlotsLec2/CURTIN.png Graphic file (type png)
<use PlotsLec2/CURTIN.png>
Package pdftex.def Info: PlotsLec2/CURTIN.png  used on input line 203.
(pdftex.def)             Requested size: 56.90575pt x 22.76208pt.
 [10

 <./PlotsLec2/IrisDataset.png>]
<PlotsLec2/Scatter1.pdf, id=406, 505.89pt x 289.08pt>
File: PlotsLec2/Scatter1.pdf Graphic file (type pdf)
<use PlotsLec2/Scatter1.pdf>
Package pdftex.def Info: PlotsLec2/Scatter1.pdf  used on input line 210.
(pdftex.def)             Requested size: 276.05028pt x 157.74617pt.
File: PlotsLec2/CURTIN.png Graphic file (type png)
<use PlotsLec2/CURTIN.png>
Package pdftex.def Info: PlotsLec2/CURTIN.png  used on input line 210.
(pdftex.def)             Requested size: 56.90575pt x 22.76208pt.
 [11

 <./PlotsLec2/Scatter1.pdf>]
LaTeX Font Info:    External font `lmex10' loaded for size
(Font)              <14.4> on input line 221.
LaTeX Font Info:    External font `lmex10' loaded for size
(Font)              <10> on input line 221.
LaTeX Font Info:    External font `lmex10' loaded for size
(Font)              <7> on input line 221.
LaTeX Font Info:    Font shape `OT1/lmss/m/it' in size <14.4> not available
(Font)              Font shape `OT1/lmss/m/sl' tried instead on input line 221.

LaTeX Font Info:    Font shape `OT1/lmss/m/it' in size <10> not available
(Font)              Font shape `OT1/lmss/m/sl' tried instead on input line 221.

LaTeX Font Info:    Font shape `OT1/lmss/m/it' in size <7> not available
(Font)              Font shape `OT1/lmss/m/sl' tried instead on input line 221.

LaTeX Font Info:    Font shape `OT1/lmss/bx/it' in size <14.4> not available
(Font)              Font shape `OT1/lmss/bx/sl' tried instead on input line 221
.
LaTeX Font Info:    Font shape `OT1/lmss/bx/it' in size <10> not available
(Font)              Font shape `OT1/lmss/bx/sl' tried instead on input line 221
.
LaTeX Font Info:    Font shape `OT1/lmss/bx/it' in size <7> not available
(Font)              Font shape `OT1/lmss/bx/sl' tried instead on input line 221
.
File: PlotsLec2/CURTIN.png Graphic file (type png)
<use PlotsLec2/CURTIN.png>
Package pdftex.def Info: PlotsLec2/CURTIN.png  used on input line 221.
(pdftex.def)             Requested size: 56.90575pt x 22.76208pt.
 [12

]
\openout4 = `Lec2_IITR_Presentation.vrb'.

 (Lec2_IITR_Presentation.vrb)
File: PlotsLec2/CURTIN.png Graphic file (type png)
<use PlotsLec2/CURTIN.png>
Package pdftex.def Info: PlotsLec2/CURTIN.png  used on input line 239.
(pdftex.def)             Requested size: 56.90575pt x 22.76208pt.

[13

]
<PlotsLec2/mtcars.jpg, id=513, 530.856pt x 303.315pt>
File: PlotsLec2/mtcars.jpg Graphic file (type jpg)
<use PlotsLec2/mtcars.jpg>
Package pdftex.def Info: PlotsLec2/mtcars.jpg  used on input line 246.
(pdftex.def)             Requested size: 276.05028pt x 157.72932pt.
File: PlotsLec2/CURTIN.png Graphic file (type png)
<use PlotsLec2/CURTIN.png>
Package pdftex.def Info: PlotsLec2/CURTIN.png  used on input line 246.
(pdftex.def)             Requested size: 56.90575pt x 22.76208pt.
 [14

 <./PlotsLec2/mtcars.jpg>]
\openout4 = `Lec2_IITR_Presentation.vrb'.

 (Lec2_IITR_Presentation.vrb)
File: PlotsLec2/CURTIN.png Graphic file (type png)
<use PlotsLec2/CURTIN.png>
Package pdftex.def Info: PlotsLec2/CURTIN.png  used on input line 259.
(pdftex.def)             Requested size: 56.90575pt x 22.76208pt.
 [15

]
<PlotsLec2/mpg_vs_cyl.pdf, id=581, 505.89pt x 289.08pt>
File: PlotsLec2/mpg_vs_cyl.pdf Graphic file (type pdf)
<use PlotsLec2/mpg_vs_cyl.pdf>
Package pdftex.def Info: PlotsLec2/mpg_vs_cyl.pdf  used on input line 266.
(pdftex.def)             Requested size: 276.05028pt x 157.74617pt.
File: PlotsLec2/CURTIN.png Graphic file (type png)
<use PlotsLec2/CURTIN.png>
Package pdftex.def Info: PlotsLec2/CURTIN.png  used on input line 266.
(pdftex.def)             Requested size: 56.90575pt x 22.76208pt.
 [16

 <./PlotsLec2/mpg_vs_cyl.pdf>]
\openout4 = `Lec2_IITR_Presentation.vrb'.

 (Lec2_IITR_Presentation.vrb
<PlotsLec2/mpg_vs_cyl2.pdf, id=620, 505.89pt x 289.08pt>
File: PlotsLec2/mpg_vs_cyl2.pdf Graphic file (type pdf)
<use PlotsLec2/mpg_vs_cyl2.pdf>
Package pdftex.def Info: PlotsLec2/mpg_vs_cyl2.pdf  used on input line 9.
(pdftex.def)             Requested size: 250.9517pt x 143.4016pt.
)
File: PlotsLec2/CURTIN.png Graphic file (type png)
<use PlotsLec2/CURTIN.png>
Package pdftex.def Info: PlotsLec2/CURTIN.png  used on input line 281.
(pdftex.def)             Requested size: 56.90575pt x 22.76208pt.
 [17

 <./PlotsLec2/mpg_vs_cyl2.pdf>]
\openout4 = `Lec2_IITR_Presentation.vrb'.

 (Lec2_IITR_Presentation.vrb
<PlotsLec2/mpg_vs_cyl3.pdf, id=660, 505.89pt x 289.08pt>
File: PlotsLec2/mpg_vs_cyl3.pdf Graphic file (type pdf)
<use PlotsLec2/mpg_vs_cyl3.pdf>
Package pdftex.def Info: PlotsLec2/mpg_vs_cyl3.pdf  used on input line 11.
(pdftex.def)             Requested size: 209.12784pt x 119.50279pt.
)
File: PlotsLec2/CURTIN.png Graphic file (type png)
<use PlotsLec2/CURTIN.png>
Package pdftex.def Info: PlotsLec2/CURTIN.png  used on input line 295.
(pdftex.def)             Requested size: 56.90575pt x 22.76208pt.
 [18

 <./PlotsLec2/mpg_vs_cyl3.pdf>]
File: PlotsLec2/CURTIN.png Graphic file (type png)
<use PlotsLec2/CURTIN.png>
Package pdftex.def Info: PlotsLec2/CURTIN.png  used on input line 300.
(pdftex.def)             Requested size: 56.90575pt x 22.76208pt.

[19

]
\openout4 = `Lec2_IITR_Presentation.vrb'.

 (Lec2_IITR_Presentation.vrb
<PlotsLec2/mpg_vs_cyl4.pdf, id=734, 505.89pt x 289.08pt>
File: PlotsLec2/mpg_vs_cyl4.pdf Graphic file (type pdf)
<use PlotsLec2/mpg_vs_cyl4.pdf>
Package pdftex.def Info: PlotsLec2/mpg_vs_cyl4.pdf  used on input line 4.
(pdftex.def)             Requested size: 276.05028pt x 157.74617pt.
)
File: PlotsLec2/CURTIN.png Graphic file (type png)
<use PlotsLec2/CURTIN.png>
Package pdftex.def Info: PlotsLec2/CURTIN.png  used on input line 307.
(pdftex.def)             Requested size: 56.90575pt x 22.76208pt.
 [20

 <./PlotsLec2/mpg_vs_cyl4.pdf>]
<PlotsLec2/AesChecks.jpg, id=774, 509.905pt x 179.67125pt>
File: PlotsLec2/AesChecks.jpg Graphic file (type jpg)
<use PlotsLec2/AesChecks.jpg>
Package pdftex.def Info: PlotsLec2/AesChecks.jpg  used on input line 317.
(pdftex.def)             Requested size: 276.05028pt x 97.27324pt.
File: PlotsLec2/CURTIN.png Graphic file (type png)
<use PlotsLec2/CURTIN.png>
Package pdftex.def Info: PlotsLec2/CURTIN.png  used on input line 317.
(pdftex.def)             Requested size: 56.90575pt x 22.76208pt.
 [21

 <./PlotsLec2/AesChecks.jpg>]
File: PlotsLec2/CURTIN.png Graphic file (type png)
<use PlotsLec2/CURTIN.png>
Package pdftex.def Info: PlotsLec2/CURTIN.png  used on input line 322.
(pdftex.def)             Requested size: 56.90575pt x 22.76208pt.
 [22

]
\openout4 = `Lec2_IITR_Presentation.vrb'.

 (Lec2_IITR_Presentation.vrb)
File: PlotsLec2/CURTIN.png Graphic file (type png)
<use PlotsLec2/CURTIN.png>
Package pdftex.def Info: PlotsLec2/CURTIN.png  used on input line 337.
(pdftex.def)             Requested size: 56.90575pt x 22.76208pt.
 [23

]
<PlotsLec2/cyl_to_color.pdf, id=874, 505.89pt x 289.08pt>
File: PlotsLec2/cyl_to_color.pdf Graphic file (type pdf)
<use PlotsLec2/cyl_to_color.pdf>
Package pdftex.def Info: PlotsLec2/cyl_to_color.pdf  used on input line 345.
(pdftex.def)             Requested size: 276.05028pt x 157.74617pt.
File: PlotsLec2/CURTIN.png Graphic file (type png)
<use PlotsLec2/CURTIN.png>
Package pdftex.def Info: PlotsLec2/CURTIN.png  used on input line 345.
(pdftex.def)             Requested size: 56.90575pt x 22.76208pt.
 [24

 <./PlotsLec2/cyl_to_color.pdf>]
\openout4 = `Lec2_IITR_Presentation.vrb'.

 (Lec2_IITR_Presentation.vrb
<PlotsLec2/disp_to_color.pdf, id=914, 505.89pt x 289.08pt>
File: PlotsLec2/disp_to_color.pdf Graphic file (type pdf)
<use PlotsLec2/disp_to_color.pdf>
Package pdftex.def Info: PlotsLec2/disp_to_color.pdf  used on input line 4.
(pdftex.def)             Requested size: 276.05028pt x 157.74617pt.
)
File: PlotsLec2/CURTIN.png Graphic file (type png)
<use PlotsLec2/CURTIN.png>
Package pdftex.def Info: PlotsLec2/CURTIN.png  used on input line 353.
(pdftex.def)             Requested size: 56.90575pt x 22.76208pt.
 [25

 <./PlotsLec2/disp_to_color.pdf>]
<PlotsLec2/mpg.jpg, id=956, 498.444pt x 217.029pt>
File: PlotsLec2/mpg.jpg Graphic file (type jpg)
<use PlotsLec2/mpg.jpg>
Package pdftex.def Info: PlotsLec2/mpg.jpg  used on input line 360.
(pdftex.def)             Requested size: 276.05028pt x 120.1942pt.
File: PlotsLec2/CURTIN.png Graphic file (type png)
<use PlotsLec2/CURTIN.png>
Package pdftex.def Info: PlotsLec2/CURTIN.png  used on input line 360.
(pdftex.def)             Requested size: 56.90575pt x 22.76208pt.
 [26

 <./PlotsLec2/mpg.jpg>]
\openout4 = `Lec2_IITR_Presentation.vrb'.

 (Lec2_IITR_Presentation.vrb)
File: PlotsLec2/CURTIN.png Graphic file (type png)
<use PlotsLec2/CURTIN.png>
Package pdftex.def Info: PlotsLec2/CURTIN.png  used on input line 374.
(pdftex.def)             Requested size: 56.90575pt x 22.76208pt.
 [27

]
<PlotsLec2/displ_to_size.pdf, id=1023, 505.89pt x 361.35pt>
File: PlotsLec2/displ_to_size.pdf Graphic file (type pdf)
<use PlotsLec2/displ_to_size.pdf>
Package pdftex.def Info: PlotsLec2/displ_to_size.pdf  used on input line 380.
(pdftex.def)             Requested size: 276.05028pt x 197.18272pt.
File: PlotsLec2/CURTIN.png Graphic file (type png)
<use PlotsLec2/CURTIN.png>
Package pdftex.def Info: PlotsLec2/CURTIN.png  used on input line 380.
(pdftex.def)             Requested size: 56.90575pt x 22.76208pt.
 [28

 <./PlotsLec2/displ_to_size.pdf>]
<PlotsLec2/Warning1.png, id=1067, 925.95938pt x 168.63pt>
File: PlotsLec2/Warning1.png Graphic file (type png)
<use PlotsLec2/Warning1.png>
Package pdftex.def Info: PlotsLec2/Warning1.png  used on input line 386.
(pdftex.def)             Requested size: 276.05028pt x 50.27289pt.
File: PlotsLec2/CURTIN.png Graphic file (type png)
<use PlotsLec2/CURTIN.png>
Package pdftex.def Info: PlotsLec2/CURTIN.png  used on input line 386.
(pdftex.def)             Requested size: 56.90575pt x 22.76208pt.
 [29

 <./PlotsLec2/Warning1.png>]
<PlotsLec2/drv_to_shape.pdf, id=1102, 505.89pt x 361.35pt>
File: PlotsLec2/drv_to_shape.pdf Graphic file (type pdf)
<use PlotsLec2/drv_to_shape.pdf>
Package pdftex.def Info: PlotsLec2/drv_to_shape.pdf  used on input line 393.
(pdftex.def)             Requested size: 250.9517pt x 179.252pt.
File: PlotsLec2/CURTIN.png Graphic file (type png)
<use PlotsLec2/CURTIN.png>
Package pdftex.def Info: PlotsLec2/CURTIN.png  used on input line 393.
(pdftex.def)             Requested size: 56.90575pt x 22.76208pt.
 [30

 <./PlotsLec2/drv_to_shape.pdf>]
<PlotsLec2/facet1.pdf, id=1142, 505.89pt x 289.08pt>
File: PlotsLec2/facet1.pdf Graphic file (type pdf)
<use PlotsLec2/facet1.pdf>
Package pdftex.def Info: PlotsLec2/facet1.pdf  used on input line 400.
(pdftex.def)             Requested size: 276.05028pt x 157.74617pt.
File: PlotsLec2/CURTIN.png Graphic file (type png)
<use PlotsLec2/CURTIN.png>
Package pdftex.def Info: PlotsLec2/CURTIN.png  used on input line 400.
(pdftex.def)             Requested size: 56.90575pt x 22.76208pt.
 [31

 <./PlotsLec2/facet1.pdf>]
\openout4 = `Lec2_IITR_Presentation.vrb'.

 (Lec2_IITR_Presentation.vrb)
LaTeX Font Info:    Font shape `OT1/lmtt/bx/n' in size <10> not available
(Font)              Font shape `OT1/lmtt/b/n' tried instead on input line 411.
LaTeX Font Info:    Font shape `OT1/lmtt/bx/n' in size <7> not available
(Font)              Font shape `OT1/lmtt/b/n' tried instead on input line 411.
File: PlotsLec2/CURTIN.png Graphic file (type png)
<use PlotsLec2/CURTIN.png>
Package pdftex.def Info: PlotsLec2/CURTIN.png  used on input line 411.
(pdftex.def)             Requested size: 56.90575pt x 22.76208pt.

[32

]
<PlotsLec2/FacettingInR.png, id=1216, 858.20625pt x 471.26062pt>
File: PlotsLec2/FacettingInR.png Graphic file (type png)
<use PlotsLec2/FacettingInR.png>
Package pdftex.def Info: PlotsLec2/FacettingInR.png  used on input line 418.
(pdftex.def)             Requested size: 276.05028pt x 151.58308pt.
LaTeX Font Info:    External font `lmex10' loaded for size
(Font)              <5> on input line 418.
LaTeX Font Info:    Font shape `OT1/lmss/m/it' in size <5> not available
(Font)              Font shape `OT1/lmss/m/sl' tried instead on input line 418.

LaTeX Font Info:    Font shape `OT1/lmss/bx/it' in size <5> not available
(Font)              Font shape `OT1/lmss/bx/sl' tried instead on input line 418
.
File: PlotsLec2/CURTIN.png Graphic file (type png)
<use PlotsLec2/CURTIN.png>
Package pdftex.def Info: PlotsLec2/CURTIN.png  used on input line 418.
(pdftex.def)             Requested size: 56.90575pt x 22.76208pt.
 [33

 <./PlotsLec2/FacettingInR.png>]
<PlotsLec2/facet_grid_example.pdf, id=1251, 505.89pt x 361.35pt>
File: PlotsLec2/facet_grid_example.pdf Graphic file (type pdf)
<use PlotsLec2/facet_grid_example.pdf>
Package pdftex.def Info: PlotsLec2/facet_grid_example.pdf  used on input line 4
25.
(pdftex.def)             Requested size: 276.05028pt x 197.18272pt.
File: PlotsLec2/CURTIN.png Graphic file (type png)
<use PlotsLec2/CURTIN.png>
Package pdftex.def Info: PlotsLec2/CURTIN.png  used on input line 425.
(pdftex.def)             Requested size: 56.90575pt x 22.76208pt.
 [34

 <./PlotsLec2/facet_grid_example.pdf>]
\openout4 = `Lec2_IITR_Presentation.vrb'.

 (Lec2_IITR_Presentation.vrb)
File: PlotsLec2/CURTIN.png Graphic file (type png)
<use PlotsLec2/CURTIN.png>
Package pdftex.def Info: PlotsLec2/CURTIN.png  used on input line 436.
(pdftex.def)             Requested size: 56.90575pt x 22.76208pt.
 [35

]
File: PlotsLec2/CURTIN.png Graphic file (type png)
<use PlotsLec2/CURTIN.png>
Package pdftex.def Info: PlotsLec2/CURTIN.png  used on input line 447.
(pdftex.def)             Requested size: 56.90575pt x 22.76208pt.
 [36

]
File: PlotsLec2/CURTIN.png Graphic file (type png)
<use PlotsLec2/CURTIN.png>
Package pdftex.def Info: PlotsLec2/CURTIN.png  used on input line 447.
(pdftex.def)             Requested size: 56.90575pt x 22.76208pt.
 [37

]
File: PlotsLec2/CURTIN.png Graphic file (type png)
<use PlotsLec2/CURTIN.png>
Package pdftex.def Info: PlotsLec2/CURTIN.png  used on input line 447.
(pdftex.def)             Requested size: 56.90575pt x 22.76208pt.
 [38

]
<PlotsLec2/bxplt_ex1.pdf, id=1428, 578.16pt x 289.08pt>
File: PlotsLec2/bxplt_ex1.pdf Graphic file (type pdf)
<use PlotsLec2/bxplt_ex1.pdf>
Package pdftex.def Info: PlotsLec2/bxplt_ex1.pdf  used on input line 454.
(pdftex.def)             Requested size: 276.05028pt x 138.02458pt.
File: PlotsLec2/CURTIN.png Graphic file (type png)
<use PlotsLec2/CURTIN.png>
Package pdftex.def Info: PlotsLec2/CURTIN.png  used on input line 454.
(pdftex.def)             Requested size: 56.90575pt x 22.76208pt.
 [39

 <./PlotsLec2/bxplt_ex1.pdf>]
\openout4 = `Lec2_IITR_Presentation.vrb'.

 (Lec2_IITR_Presentation.vrb)
File: PlotsLec2/CURTIN.png Graphic file (type png)
<use PlotsLec2/CURTIN.png>
Package pdftex.def Info: PlotsLec2/CURTIN.png  used on input line 468.
(pdftex.def)             Requested size: 56.90575pt x 22.76208pt.
 [40

]
File: PlotsLec2/CURTIN.png Graphic file (type png)
<use PlotsLec2/CURTIN.png>
Package pdftex.def Info: PlotsLec2/CURTIN.png  used on input line 479.
(pdftex.def)             Requested size: 56.90575pt x 22.76208pt.
 [41

]
<PlotsLec2/denplt_ex1.pdf, id=1533, 578.16pt x 289.08pt>
File: PlotsLec2/denplt_ex1.pdf Graphic file (type pdf)
<use PlotsLec2/denplt_ex1.pdf>
Package pdftex.def Info: PlotsLec2/denplt_ex1.pdf  used on input line 486.
(pdftex.def)             Requested size: 276.05028pt x 138.02458pt.
File: PlotsLec2/CURTIN.png Graphic file (type png)
<use PlotsLec2/CURTIN.png>
Package pdftex.def Info: PlotsLec2/CURTIN.png  used on input line 486.
(pdftex.def)             Requested size: 56.90575pt x 22.76208pt.
 [42

 <./PlotsLec2/denplt_ex1.pdf>]
\openout4 = `Lec2_IITR_Presentation.vrb'.

(Lec2_IITR_Presentation.vrb)
File: PlotsLec2/CURTIN.png Graphic file (type png)
<use PlotsLec2/CURTIN.png>
Package pdftex.def Info: PlotsLec2/CURTIN.png  used on input line 500.
(pdftex.def)             Requested size: 56.90575pt x 22.76208pt.
 [43

]
<PlotsLec2/scatplt_ex1.pdf, id=1609, 578.16pt x 289.08pt>
File: PlotsLec2/scatplt_ex1.pdf Graphic file (type pdf)
<use PlotsLec2/scatplt_ex1.pdf>
Package pdftex.def Info: PlotsLec2/scatplt_ex1.pdf  used on input line 508.
(pdftex.def)             Requested size: 276.05028pt x 138.02458pt.
File: PlotsLec2/CURTIN.png Graphic file (type png)
<use PlotsLec2/CURTIN.png>
Package pdftex.def Info: PlotsLec2/CURTIN.png  used on input line 508.
(pdftex.def)             Requested size: 56.90575pt x 22.76208pt.
 [44

 <./PlotsLec2/scatplt_ex1.pdf>]
\openout4 = `Lec2_IITR_Presentation.vrb'.


(Lec2_IITR_Presentation.vrb)
File: PlotsLec2/CURTIN.png Graphic file (type png)
<use PlotsLec2/CURTIN.png>
Package pdftex.def Info: PlotsLec2/CURTIN.png  used on input line 524.
(pdftex.def)             Requested size: 56.90575pt x 22.76208pt.
 [45

]
File: PlotsLec2/CURTIN.png Graphic file (type png)
<use PlotsLec2/CURTIN.png>
Package pdftex.def Info: PlotsLec2/CURTIN.png  used on input line 544.
(pdftex.def)             Requested size: 56.90575pt x 22.76208pt.
 [46

]
File: PlotsLec2/CURTIN.png Graphic file (type png)
<use PlotsLec2/CURTIN.png>
Package pdftex.def Info: PlotsLec2/CURTIN.png  used on input line 544.
(pdftex.def)             Requested size: 56.90575pt x 22.76208pt.
 [47

]
File: PlotsLec2/CURTIN.png Graphic file (type png)
<use PlotsLec2/CURTIN.png>
Package pdftex.def Info: PlotsLec2/CURTIN.png  used on input line 544.
(pdftex.def)             Requested size: 56.90575pt x 22.76208pt.
 [48

]
File: PlotsLec2/CURTIN.png Graphic file (type png)
<use PlotsLec2/CURTIN.png>
Package pdftex.def Info: PlotsLec2/CURTIN.png  used on input line 544.
(pdftex.def)             Requested size: 56.90575pt x 22.76208pt.
 [49

]
File: PlotsLec2/CURTIN.png Graphic file (type png)
<use PlotsLec2/CURTIN.png>
Package pdftex.def Info: PlotsLec2/CURTIN.png  used on input line 564.
(pdftex.def)             Requested size: 56.90575pt x 22.76208pt.
 [50

]
<PlotsLec2/diam_alpha2.png, id=1847, 963.6pt x 472.76625pt>
File: PlotsLec2/diam_alpha2.png Graphic file (type png)
<use PlotsLec2/diam_alpha2.png>
Package pdftex.def Info: PlotsLec2/diam_alpha2.png  used on input line 571.
(pdftex.def)             Requested size: 276.05028pt x 135.4323pt.
File: PlotsLec2/CURTIN.png Graphic file (type png)
<use PlotsLec2/CURTIN.png>
Package pdftex.def Info: PlotsLec2/CURTIN.png  used on input line 571.
(pdftex.def)             Requested size: 56.90575pt x 22.76208pt.
 [51

 <./PlotsLec2/diam_alpha2.png>]
\openout4 = `Lec2_IITR_Presentation.vrb'.

 (Lec2_IITR_Presentation.vrb)
File: PlotsLec2/CURTIN.png Graphic file (type png)
<use PlotsLec2/CURTIN.png>
Package pdftex.def Info: PlotsLec2/CURTIN.png  used on input line 586.
(pdftex.def)             Requested size: 56.90575pt x 22.76208pt.
 [52

]
<PlotsLec2/diamonds2.png, id=1915, 820.56563pt x 542.025pt>
File: PlotsLec2/diamonds2.png Graphic file (type png)
<use PlotsLec2/diamonds2.png>
Package pdftex.def Info: PlotsLec2/diamonds2.png  used on input line 593.
(pdftex.def)             Requested size: 276.05028pt x 182.34245pt.
File: PlotsLec2/CURTIN.png Graphic file (type png)
<use PlotsLec2/CURTIN.png>
Package pdftex.def Info: PlotsLec2/CURTIN.png  used on input line 593.
(pdftex.def)             Requested size: 56.90575pt x 22.76208pt.
 [53

 <./PlotsLec2/diamonds2.png>]
\openout4 = `Lec2_IITR_Presentation.vrb'.

 (Lec2_IITR_Presentation.vrb)
File: PlotsLec2/CURTIN.png Graphic file (type png)
<use PlotsLec2/CURTIN.png>
Package pdftex.def Info: PlotsLec2/CURTIN.png  used on input line 606.
(pdftex.def)             Requested size: 56.90575pt x 22.76208pt.
 [54

]
File: PlotsLec2/CURTIN.png Graphic file (type png)
<use PlotsLec2/CURTIN.png>
Package pdftex.def Info: PlotsLec2/CURTIN.png  used on input line 612.
(pdftex.def)             Requested size: 56.90575pt x 22.76208pt.
 [55

]
<PlotsLec2/GeomPointSmooth2.png, id=2016, 805.50937pt x 542.025pt>
File: PlotsLec2/GeomPointSmooth2.png Graphic file (type png)
<use PlotsLec2/GeomPointSmooth2.png>
Package pdftex.def Info: PlotsLec2/GeomPointSmooth2.png  used on input line 619
.
(pdftex.def)             Requested size: 276.05028pt x 185.74995pt.
File: PlotsLec2/CURTIN.png Graphic file (type png)
<use PlotsLec2/CURTIN.png>
Package pdftex.def Info: PlotsLec2/CURTIN.png  used on input line 619.
(pdftex.def)             Requested size: 56.90575pt x 22.76208pt.
 [56

 <./PlotsLec2/GeomPointSmooth2.png>]
\openout4 = `Lec2_IITR_Presentation.vrb'.

 (Lec2_IITR_Presentation.vrb)
File: PlotsLec2/CURTIN.png Graphic file (type png)
<use PlotsLec2/CURTIN.png>
Package pdftex.def Info: PlotsLec2/CURTIN.png  used on input line 634.
(pdftex.def)             Requested size: 56.90575pt x 22.76208pt.
 [57

]
<PlotsLec2/scatter_aes_examples.pdf, id=2084, 578.16pt x 289.08pt>
File: PlotsLec2/scatter_aes_examples.pdf Graphic file (type pdf)
<use PlotsLec2/scatter_aes_examples.pdf>
Package pdftex.def Info: PlotsLec2/scatter_aes_examples.pdf  used on input line
 641.
(pdftex.def)             Requested size: 276.05028pt x 138.02458pt.
File: PlotsLec2/CURTIN.png Graphic file (type png)
<use PlotsLec2/CURTIN.png>
Package pdftex.def Info: PlotsLec2/CURTIN.png  used on input line 641.
(pdftex.def)             Requested size: 56.90575pt x 22.76208pt.
 [58

 <./PlotsLec2/scatter_aes_examples.pdf>]
\openout4 = `Lec2_IITR_Presentation.vrb'.

 (Lec2_IITR_Presentation.vrb)
File: PlotsLec2/CURTIN.png Graphic file (type png)
<use PlotsLec2/CURTIN.png>
Package pdftex.def Info: PlotsLec2/CURTIN.png  used on input line 662.
(pdftex.def)             Requested size: 56.90575pt x 22.76208pt.
 [59

]
<PlotsLec2/GeomBoxJitter.pdf, id=2156, 433.62pt x 289.08pt>
File: PlotsLec2/GeomBoxJitter.pdf Graphic file (type pdf)
<use PlotsLec2/GeomBoxJitter.pdf>
Package pdftex.def Info: PlotsLec2/GeomBoxJitter.pdf  used on input line 669.
(pdftex.def)             Requested size: 276.05028pt x 184.04013pt.
File: PlotsLec2/CURTIN.png Graphic file (type png)
<use PlotsLec2/CURTIN.png>
Package pdftex.def Info: PlotsLec2/CURTIN.png  used on input line 669.
(pdftex.def)             Requested size: 56.90575pt x 22.76208pt.
 [60

 <./PlotsLec2/GeomBoxJitter.pdf>]
<PlotsLec2/GeomBoxJitter2.pdf, id=2195, 433.62pt x 289.08pt>
File: PlotsLec2/GeomBoxJitter2.pdf Graphic file (type pdf)
<use PlotsLec2/GeomBoxJitter2.pdf>
Package pdftex.def Info: PlotsLec2/GeomBoxJitter2.pdf  used on input line 676.
(pdftex.def)             Requested size: 276.05028pt x 184.04013pt.
File: PlotsLec2/CURTIN.png Graphic file (type png)
<use PlotsLec2/CURTIN.png>
Package pdftex.def Info: PlotsLec2/CURTIN.png  used on input line 676.
(pdftex.def)             Requested size: 56.90575pt x 22.76208pt.

[61

 <./PlotsLec2/GeomBoxJitter2.pdf>]
\openout4 = `Lec2_IITR_Presentation.vrb'.

 (Lec2_IITR_Presentation.vrb)
File: PlotsLec2/CURTIN.png Graphic file (type png)
<use PlotsLec2/CURTIN.png>
Package pdftex.def Info: PlotsLec2/CURTIN.png  used on input line 691.
(pdftex.def)             Requested size: 56.90575pt x 22.76208pt.
 [62

]
File: PlotsLec2/CURTIN.png Graphic file (type png)
<use PlotsLec2/CURTIN.png>
Package pdftex.def Info: PlotsLec2/CURTIN.png  used on input line 708.
(pdftex.def)             Requested size: 56.90575pt x 22.76208pt.

[63

]
<PlotsLec2/hwy_cty_drv.pdf, id=2301, 433.62pt x 289.08pt>
File: PlotsLec2/hwy_cty_drv.pdf Graphic file (type pdf)
<use PlotsLec2/hwy_cty_drv.pdf>
Package pdftex.def Info: PlotsLec2/hwy_cty_drv.pdf  used on input line 715.
(pdftex.def)             Requested size: 276.05028pt x 184.04013pt.
File: PlotsLec2/CURTIN.png Graphic file (type png)
<use PlotsLec2/CURTIN.png>
Package pdftex.def Info: PlotsLec2/CURTIN.png  used on input line 715.
(pdftex.def)             Requested size: 56.90575pt x 22.76208pt.
 [64

 <./PlotsLec2/hwy_cty_drv.pdf>]
\openout4 = `Lec2_IITR_Presentation.vrb'.

 (Lec2_IITR_Presentation.vrb)
File: PlotsLec2/CURTIN.png Graphic file (type png)
<use PlotsLec2/CURTIN.png>
Package pdftex.def Info: PlotsLec2/CURTIN.png  used on input line 733.
(pdftex.def)             Requested size: 56.90575pt x 22.76208pt.
 [65

]
File: PlotsLec2/CURTIN.png Graphic file (type png)
<use PlotsLec2/CURTIN.png>
Package pdftex.def Info: PlotsLec2/CURTIN.png  used on input line 750.
(pdftex.def)             Requested size: 56.90575pt x 22.76208pt.

[66

]
\tf@nav=\write9
\openout9 = `Lec2_IITR_Presentation.nav'.

\tf@toc=\write10
\openout10 = `Lec2_IITR_Presentation.toc'.

\tf@snm=\write11
\openout11 = `Lec2_IITR_Presentation.snm'.

 (Lec2_IITR_Presentation.aux)
Package rerunfilecheck Info: File `Lec2_IITR_Presentation.out' has not changed.

(rerunfilecheck)             Checksum: BE8FA86F36B2D04D005ABD1F243DA306;1063.
 ) 
Here is how much of TeX's memory you used:
 30623 strings out of 478927
 587587 string characters out of 2851586
 1180735 words of memory out of 3000000
 47610 multiletter control sequences out of 15000+600000
 517929 words of font info for 121 fonts, out of 8000000 for 9000
 1141 hyphenation exceptions out of 8191
 128i,15n,124p,466b,1912s stack positions out of 5000i,500n,10000p,200000b,80000s
{C:/Users/267592e/AppData/Local/Programs/MiKTeX/fonts/enc/dvips/lm/lm-rmtt.en
c}{C:/Users/267592e/AppData/Local/Programs/MiKTeX/fonts/enc/dvips/lm/lm-rm.enc}
{C:/Users/267592e/AppData/Local/Programs/MiKTeX/fonts/enc/dvips/lm/lm-mathit.en
c}<C:/Users/267592e/AppData/Local/Programs/MiKTeX/fonts/type1/public/lm/lmmi10.
pfb><C:/Users/267592e/AppData/Local/Programs/MiKTeX/fonts/type1/public/lm/lmss1
0.pfb><C:/Users/267592e/AppData/Local/Programs/MiKTeX/fonts/type1/public/lm/lms
s12.pfb><C:/Users/267592e/AppData/Local/Programs/MiKTeX/fonts/type1/public/lm/l
mss8.pfb><C:/Users/267592e/AppData/Local/Programs/MiKTeX/fonts/type1/public/lm/
lmssbx10.pfb><C:/Users/267592e/AppData/Local/Programs/MiKTeX/fonts/type1/public
/lm/lmsso10.pfb><C:/Users/267592e/AppData/Local/Programs/MiKTeX/fonts/type1/pub
lic/lm/lmtk10.pfb><C:/Users/267592e/AppData/Local/Programs/MiKTeX/fonts/type1/p
ublic/lm/lmtt10.pfb><C:/Users/267592e/AppData/Local/Programs/MiKTeX/fonts/type1
/public/lm/lmtt12.pfb><C:/Users/267592e/AppData/Local/Programs/MiKTeX/fonts/typ
e1/public/lm/lmtti10.pfb><C:/Users/267592e/AppData/Local/Programs/MiKTeX/fonts/
type1/public/amsfonts/symbols/msam10.pfb>
Output written on Lec2_IITR_Presentation.pdf (66 pages, 14279282 bytes).
PDF statistics:
 2485 PDF objects out of 2487 (max. 8388607)
 140 named destinations out of 1000 (max. 500000)
 286 words of extra memory for PDF output out of 10000 (max. 10000000)

